#
# There is insufficient memory for the Java Runtime Environment to continue.
# Native memory allocation (mmap) failed to map 1572864000 bytes for Failed to commit area from 0x00000000a2400000 to 0x0000000100000000 of length 1572864000.
# Possible reasons:
#   The system is out of physical RAM or swap space
#   The process is running with CompressedOops enabled, and the Java Heap may be blocking the growth of the native heap
# Possible solutions:
#   Reduce memory load on the system
#   Increase physical memory or swap space
#   Check if swap backing store is full
#   Decrease Java heap size (-Xmx/-Xms)
#   Decrease number of Java threads
#   Decrease Java thread stack sizes (-Xss)
#   Set larger code cache with -XX:ReservedCodeCacheSize=
# This output file may be truncated or incomplete.
#
#  Out of Memory Error (./open/src/hotspot/os/windows/os_windows.cpp:3271), pid=6436, tid=448
#
# JRE version:  (11.0.7+8) (build )
# Java VM: Java HotSpot(TM) 64-Bit Server VM (11.0.7+8-LTS, mixed mode, sharing, tiered, compressed oops, g1 gc, windows-amd64)
# No core dump will be written. Minidumps are not enabled by default on client versions of Windows
#

---------------  S U M M A R Y ------------

Command Line: -Dfile.encoding=UTF-8 -Xmx1500M -Xms1500M LiteratureAnalytics.ui.LiteratureAnalyticsUI

Host: Intel(R) Core(TM) i3-2100 CPU @ 3.10GHz, 4 cores, 3G,  Windows 7 , 64 bit Build 7601 (6.1.7601.24545)
Time: Sat Aug  8 22:23:22 2020 Eanei? ?na GTB elapsed time: 0 seconds (0d 0h 0m 0s)

---------------  T H R E A D  ---------------

Current thread (0x0000000000229000):  JavaThread "Unknown thread" [_thread_in_vm, id=448, stack(0x0000000002000000,0x0000000002100000)]

Stack: [0x0000000002000000,0x0000000002100000]
Native frames: (J=compiled Java code, j=interpreted, Vv=VM code, C=native code)
V  [jvm.dll+0x661a7a]
V  [jvm.dll+0x7a1b2f]
V  [jvm.dll+0x7a31d5]
V  [jvm.dll+0x7a3843]
V  [jvm.dll+0x25f1a8]
V  [jvm.dll+0x65ee8a]
V  [jvm.dll+0x653865]
V  [jvm.dll+0x316adc]
V  [jvm.dll+0x316962]
V  [jvm.dll+0x31c1d6]
V  [jvm.dll+0x3688af]
V  [jvm.dll+0x3682d0]
V  [jvm.dll+0x2f3888]
V  [jvm.dll+0x2f49e6]
V  [jvm.dll+0x77ac57]
V  [jvm.dll+0x77c52f]
V  [jvm.dll+0x3755a9]
V  [jvm.dll+0x75fe6e]
V  [jvm.dll+0x3e5b7d]
V  [jvm.dll+0x3e8091]
C  [java.exe+0x3607]
C  [java.exe+0x178dc]
C  [kernel32.dll+0x1556d]
C  [ntdll.dll+0x5372d]


---------------  P R O C E S S  ---------------

Threads class SMR info:
_java_thread_list=0x000000000020a440, length=0, elements={
}

Java Threads: ( => current thread )

Other Threads:
  0x0000000000240800 GCTaskThread "GC Thread#0" [stack: 0x0000000019bc0000,0x0000000019cc0000] [id=6800]
  0x0000000000267000 ConcurrentGCThread "G1 Main Marker" [stack: 0x000000001d9a0000,0x000000001daa0000] [id=768]
  0x000000000026a000 ConcurrentGCThread "G1 Conc#0" [stack: 0x000000001db90000,0x000000001dc90000] [id=6104]

[error occurred during error reporting (printing all threads), id 0xc0000005, EXCEPTION_ACCESS_VIOLATION (0xc0000005) at pc=0x000007fee9872047]

VM state:not at safepoint (not fully initialized)

VM Mutex/Monitor currently owned by a thread:  ([mutex/lock_event])
[0x0000000000225840] Heap_lock - owner thread: 0x0000000000229000

Heap address: 0x00000000a2400000, size: 1500 MB, Compressed Oops mode: Non-zero based: 0x00000000a2400000
Narrow klass base: 0x0000000000000000, Narrow klass shift: 0

GC Heap History (0 events):
No events

Deoptimization events (0 events):
No events

Classes redefined (0 events):
No events

Internal exceptions (0 events):
No events

Events (0 events):
No events


Dynamic libraries:
0x000000013f4c0000 - 0x000000013f507000 	C:\Program Files\Java\jdk-11.0.7\bin\java.exe
0x0000000077110000 - 0x00000000772af000 	C:\Windows\SYSTEM32\ntdll.dll
0x000007fef4080000 - 0x000007fef4093000 	C:\Program Files\AVAST Software\Avast\aswhook.dll
0x0000000076ff0000 - 0x000000007710f000 	C:\Windows\system32\kernel32.dll
0x000007fefcc90000 - 0x000007fefccf7000 	C:\Windows\system32\KERNELBASE.dll
0x000007fefd020000 - 0x000007fefd0fb000 	C:\Windows\system32\ADVAPI32.dll
0x000007fefd590000 - 0x000007fefd62f000 	C:\Windows\system32\msvcrt.dll
0x000007fefdda0000 - 0x000007fefddbf000 	C:\Windows\SYSTEM32\sechost.dll
0x000007fefe2d0000 - 0x000007fefe3fc000 	C:\Windows\system32\RPCRT4.dll
0x0000000076ef0000 - 0x0000000076feb000 	C:\Windows\system32\USER32.dll
0x000007fefe260000 - 0x000007fefe2c7000 	C:\Windows\system32\GDI32.dll
0x000007fefe400000 - 0x000007fefe40e000 	C:\Windows\system32\LPK.dll
0x000007fefe190000 - 0x000007fefe25b000 	C:\Windows\system32\USP10.dll
0x000007fefb2a0000 - 0x000007fefb495000 	C:\Windows\WinSxS\amd64_microsoft.windows.common-controls_6595b64144ccf1df_6.0.7601.24483_none_e372d88f30fbb845\COMCTL32.dll
0x000007fefdae0000 - 0x000007fefdb51000 	C:\Windows\system32\SHLWAPI.dll
0x000007fefbcf0000 - 0x000007fefbcfc000 	C:\Windows\system32\VERSION.dll
0x000007fefd270000 - 0x000007fefd29e000 	C:\Windows\system32\IMM32.DLL
0x000007fefd160000 - 0x000007fefd26b000 	C:\Windows\system32\MSCTF.dll
0x000007fef3350000 - 0x000007fef3353000 	C:\Windows\system32\api-ms-win-core-synch-l1-2-0.DLL
0x000007fef04c0000 - 0x000007fef04d6000 	C:\Program Files\Java\jdk-11.0.7\bin\vcruntime140.dll
0x000007fefb270000 - 0x000007fefb274000 	C:\Program Files\Java\jdk-11.0.7\bin\api-ms-win-crt-runtime-l1-1-0.dll
0x000007fed9dc0000 - 0x000007fed9eb6000 	C:\Program Files\Java\jdk-11.0.7\bin\ucrtbase.DLL
0x000007feeadb0000 - 0x000007feeadb3000 	C:\Program Files\Java\jdk-11.0.7\bin\api-ms-win-core-localization-l1-2-0.dll
0x000007feecf30000 - 0x000007feecf33000 	C:\Program Files\Java\jdk-11.0.7\bin\api-ms-win-core-processthreads-l1-1-1.dll
0x000007feeacb0000 - 0x000007feeacb3000 	C:\Program Files\Java\jdk-11.0.7\bin\api-ms-win-core-file-l1-2-0.dll
0x000007feeacc0000 - 0x000007feeacc3000 	C:\Program Files\Java\jdk-11.0.7\bin\api-ms-win-core-timezone-l1-1-0.dll
0x000007fee93b0000 - 0x000007fee93b3000 	C:\Program Files\Java\jdk-11.0.7\bin\api-ms-win-core-file-l2-1-0.dll
0x000007fef0450000 - 0x000007fef0454000 	C:\Program Files\Java\jdk-11.0.7\bin\api-ms-win-crt-string-l1-1-0.dll
0x000007fef0420000 - 0x000007fef0423000 	C:\Program Files\Java\jdk-11.0.7\bin\api-ms-win-crt-heap-l1-1-0.dll
0x000007fef0430000 - 0x000007fef0434000 	C:\Program Files\Java\jdk-11.0.7\bin\api-ms-win-crt-stdio-l1-1-0.dll
0x000007fef0400000 - 0x000007fef0404000 	C:\Program Files\Java\jdk-11.0.7\bin\api-ms-win-crt-convert-l1-1-0.dll
0x000007fee93c0000 - 0x000007fee946a000 	C:\Program Files\Java\jdk-11.0.7\bin\msvcp140.dll
0x000007feeefb0000 - 0x000007feeefb3000 	C:\Program Files\Java\jdk-11.0.7\bin\api-ms-win-crt-locale-l1-1-0.dll
0x000007fef03d0000 - 0x000007fef03d5000 	C:\Program Files\Java\jdk-11.0.7\bin\api-ms-win-crt-math-l1-1-0.dll
0x000007feef820000 - 0x000007feef825000 	C:\Program Files\Java\jdk-11.0.7\bin\api-ms-win-crt-multibyte-l1-1-0.dll
0x000007fef0350000 - 0x000007fef0353000 	C:\Program Files\Java\jdk-11.0.7\bin\api-ms-win-crt-time-l1-1-0.dll
0x000007fef00a0000 - 0x000007fef00a3000 	C:\Program Files\Java\jdk-11.0.7\bin\api-ms-win-crt-filesystem-l1-1-0.dll
0x000007fef0410000 - 0x000007fef0413000 	C:\Program Files\Java\jdk-11.0.7\bin\api-ms-win-crt-environment-l1-1-0.dll
0x000007fef03c0000 - 0x000007fef03c3000 	C:\Program Files\Java\jdk-11.0.7\bin\api-ms-win-crt-utility-l1-1-0.dll
0x000007fee9570000 - 0x000007feea0d1000 	C:\Program Files\Java\jdk-11.0.7\bin\server\jvm.dll
0x000007fef99a0000 - 0x000007fef99a9000 	C:\Windows\system32\WSOCK32.dll
0x000007fefddc0000 - 0x000007fefde0d000 	C:\Windows\system32\WS2_32.dll
0x000007fefdc00000 - 0x000007fefdc08000 	C:\Windows\system32\NSI.dll
0x000007fefac20000 - 0x000007fefac5b000 	C:\Windows\system32\WINMM.dll
0x00000000772b0000 - 0x00000000772b7000 	C:\Windows\system32\PSAPI.DLL
0x000007feeefc0000 - 0x000007feeefd1000 	C:\Program Files\Java\jdk-11.0.7\bin\verify.dll
0x000007fef8880000 - 0x000007fef89a5000 	C:\Windows\system32\DBGHELP.DLL
0x000007feef760000 - 0x000007feef789000 	C:\Program Files\Java\jdk-11.0.7\bin\java.dll
0x000007feef750000 - 0x000007feef75a000 	C:\Program Files\Java\jdk-11.0.7\bin\jimage.dll
0x000007feeed30000 - 0x000007feeed46000 	C:\Program Files\Java\jdk-11.0.7\bin\zip.dll

dbghelp: loaded successfully - version: 4.0.5 - missing functions: none
symbol engine: initialized successfully - sym options: 0x614 - pdb path: .;C:\Program Files\Java\jdk-11.0.7\bin;C:\Windows\SYSTEM32;C:\Program Files\AVAST Software\Avast;C:\Windows\WinSxS\amd64_microsoft.windows.common-controls_6595b64144ccf1df_6.0.7601.24483_none_e372d88f30fbb845;C:\Program Files\Java\jdk-11.0.7\bin\server

VM Arguments:
jvm_args: -Dfile.encoding=UTF-8 -Xmx1500M -Xms1500M 
java_command: LiteratureAnalytics.ui.LiteratureAnalyticsUI
java_class_path (initial): C:\Users\Vaggelis\Documents\NetBeansProjects\LiteratureAnalyticsThesis\target\classes;C:\Users\Vaggelis\.m2\repository\org\jsoup\jsoup\1.11.3\jsoup-1.11.3.jar
Launcher Type: SUN_STANDARD

[Global flags]
     intx CICompilerCount                          = 3                                         {product} {ergonomic}
     uint ConcGCThreads                            = 1                                         {product} {ergonomic}
     uint G1ConcRefinementThreads                  = 4                                         {product} {ergonomic}
   size_t G1HeapRegionSize                         = 1048576                                   {product} {ergonomic}
    uintx GCDrainStackTargetSize                   = 64                                        {product} {ergonomic}
   size_t InitialHeapSize                          = 1572864000                                {product} {command line}
   size_t MarkStackSize                            = 4194304                                   {product} {ergonomic}
   size_t MaxHeapSize                              = 1572864000                                {product} {command line}
   size_t MinHeapDeltaBytes                        = 1048576                                   {product} {ergonomic}
    uintx NonNMethodCodeHeapSize                   = 5830732                                {pd product} {ergonomic}
    uintx NonProfiledCodeHeapSize                  = 122913754                              {pd product} {ergonomic}
    uintx ProfiledCodeHeapSize                     = 122913754                              {pd product} {ergonomic}
    uintx ReservedCodeCacheSize                    = 251658240                              {pd product} {ergonomic}
     bool SegmentedCodeCache                       = true                                      {product} {ergonomic}
     bool UseCompressedClassPointers               = true                                 {lp64_product} {ergonomic}
     bool UseCompressedOops                        = true                                 {lp64_product} {ergonomic}
     bool UseG1GC                                  = true                                      {product} {ergonomic}
     bool UseLargePagesIndividualAllocation        = false                                  {pd product} {ergonomic}

Logging:
Log output configuration:
 #0: stdout all=warning uptime,level,tags
 #1: stderr all=off uptime,level,tags

Environment Variables:
JAVA_HOME=C:\Program Files\Java\jdk-11.0.7
JAVA_TOOL_OPTIONS=-Dfile.encoding=UTF-8 -Xmx1500M -Xms1500M
PATH=C:\Program Files\Common Files\Microsoft Shared\Windows Live;C:\Program Files (x86)\Common Files\Microsoft Shared\Windows Live;C:\Windows\system32;C:\Windows;C:\Windows\System32\Wbem;C:\Windows\System32\WindowsPowerShell\v1.0\;C:\Program Files (x86)\Windows Live\Shared;C:\Program Files\Git\cmd
USERNAME=Vaggelis
OS=Windows_NT
PROCESSOR_IDENTIFIER=Intel64 Family 6 Model 42 Stepping 7, GenuineIntel



---------------  S Y S T E M  ---------------

OS: Windows 7 , 64 bit Build 7601 (6.1.7601.24545)

CPU:total 4 (initial active 4) (2 cores per cpu, 2 threads per core) family 6 model 42 stepping 7, cmov, cx8, fxsr, mmx, sse, sse2, sse3, ssse3, sse4.1, sse4.2, popcnt, avx, clmul, ht, tsc, tscinvbit

Memory: 4k page, system-wide physical 4000M (810M free)
TotalPageFile size 8103M (AvailPageFile size 1496M)
current process WorkingSet (physical memory assigned to process): 10M, peak: 10M
current process commit charge ("private bytes"): 57M, peak: 1555M

vm_info: Java HotSpot(TM) 64-Bit Server VM (11.0.7+8-LTS) for windows-amd64 JRE (11.0.7+8-LTS), built on Mar 12 2020 02:04:32 by "mach5one" with MS VC++ 15.5 (VS2017)

END.
