#
# There is insufficient memory for the Java Runtime Environment to continue.
# Native memory allocation (malloc) failed to allocate 2677616 bytes for Chunk::new
# Possible reasons:
#   The system is out of physical RAM or swap space
#   The process is running with CompressedOops enabled, and the Java Heap may be blocking the growth of the native heap
# Possible solutions:
#   Reduce memory load on the system
#   Increase physical memory or swap space
#   Check if swap backing store is full
#   Decrease Java heap size (-Xmx/-Xms)
#   Decrease number of Java threads
#   Decrease Java thread stack sizes (-Xss)
#   Set larger code cache with -XX:ReservedCodeCacheSize=
#   JVM is running with Unscaled Compressed Oops mode in which the Java heap is
#     placed in the first 4GB address space. The Java Heap base address is the
#     maximum limit for the native heap growth. Please use -XX:HeapBaseMinAddress
#     to set the Java Heap base and to place the Java Heap above 4GB virtual address.
# This output file may be truncated or incomplete.
#
#  Out of Memory Error (allocation.cpp:389), pid=12520, tid=0x0000000000001c1c
#
# JRE version: Java(TM) SE Runtime Environment (8.0_241-b07) (build 1.8.0_241-b07)
# Java VM: Java HotSpot(TM) 64-Bit Server VM (25.241-b07 mixed mode windows-amd64 compressed oops)
# Failed to write core dump. Minidumps are not enabled by default on client versions of Windows
#

---------------  T H R E A D  ---------------

Current thread (0x0000000014f4e000):  JavaThread "C2 CompilerThread1" daemon [_thread_in_native, id=7196, stack(0x00000000166e0000,0x00000000167e0000)]

Stack: [0x00000000166e0000,0x00000000167e0000]
[error occurred during error reporting (printing stack bounds), id 0xc0000005]

Native frames: (J=compiled Java code, j=interpreted, Vv=VM code, C=native code)


Current CompileTask:
C2:   9224 2578   !   4       java.net.URLClassLoader$1::run (63 bytes)


---------------  P R O C E S S  ---------------

Java Threads: ( => current thread )
  0x0000000019e68000 JavaThread "Exec Input Stream Pumper" daemon [_thread_blocked, id=8992, stack(0x000000001c070000,0x000000001c170000)]
  0x000000001a17f800 JavaThread "Exec Stream Pumper" daemon [_thread_in_native, id=12892, stack(0x000000001bf70000,0x000000001c070000)]
  0x0000000019586000 JavaThread "Exec Stream Pumper" daemon [_thread_in_native, id=1356, stack(0x0000000019a90000,0x0000000019b90000)]
  0x0000000016902800 JavaThread "Service Thread" daemon [_thread_blocked, id=15712, stack(0x0000000016ce0000,0x0000000016de0000)]
  0x0000000014f7a800 JavaThread "C1 CompilerThread2" daemon [_thread_blocked, id=11872, stack(0x00000000167e0000,0x00000000168e0000)]
=>0x0000000014f4e000 JavaThread "C2 CompilerThread1" daemon [_thread_in_native, id=7196, stack(0x00000000166e0000,0x00000000167e0000)]
  0x0000000014f4a800 JavaThread "C2 CompilerThread0" daemon [_thread_in_native, id=3932, stack(0x00000000165e0000,0x00000000166e0000)]
  0x0000000014f48000 JavaThread "Attach Listener" daemon [_thread_blocked, id=13252, stack(0x00000000164e0000,0x00000000165e0000)]
  0x0000000014f47000 JavaThread "Signal Dispatcher" daemon [_thread_blocked, id=7184, stack(0x00000000163e0000,0x00000000164e0000)]
  0x0000000014f2a000 JavaThread "Finalizer" daemon [_thread_blocked, id=16324, stack(0x0000000016190000,0x0000000016290000)]
  0x0000000002902000 JavaThread "Reference Handler" daemon [_thread_blocked, id=8864, stack(0x0000000016090000,0x0000000016190000)]
  0x0000000002812800 JavaThread "main" [_thread_in_native, id=1684, stack(0x0000000002710000,0x0000000002810000)]

Other Threads:
  0x0000000014f07800 VMThread [stack: 0x0000000015f90000,0x0000000016090000] [id=10088]
  0x000000001692c800 WatcherThread [stack: 0x0000000016de0000,0x0000000016ee0000] [id=5172]

VM state:not at safepoint (normal execution)

VM Mutex/Monitor currently owned by a thread: None

heap address: 0x00000000c1400000, size: 1004 MB, Compressed Oops mode: 32-bit
Narrow klass base: 0x0000000000000000, Narrow klass shift: 3
Compressed class space size: 1073741824 Address: 0x0000000100000000

Heap:
 PSYoungGen      total 35328K, used 30395K [0x00000000eb180000, 0x00000000eff80000, 0x0000000100000000)
  eden space 32768K, 84% used [0x00000000eb180000,0x00000000eccb2c00,0x00000000ed180000)
  from space 2560K, 99% used [0x00000000ed180000,0x00000000ed3fc010,0x00000000ed400000)
  to   space 7168K, 0% used [0x00000000ef880000,0x00000000ef880000,0x00000000eff80000)
 ParOldGen       total 44032K, used 9501K [0x00000000c1400000, 0x00000000c3f00000, 0x00000000eb180000)
  object space 44032K, 21% used [0x00000000c1400000,0x00000000c1d47458,0x00000000c3f00000)
 Metaspace       used 16088K, capacity 16502K, committed 16768K, reserved 1064960K
  class space    used 1946K, capacity 2054K, committed 2176K, reserved 1048576K

Card table byte_map: [0x0000000011cd0000,0x0000000011ed0000] byte_map_base: 0x00000000116c6000

Marking Bits: (ParMarkBitMap*) 0x000000006562be30
 Begin Bits: [0x0000000012420000, 0x00000000133d0000)
 End Bits:   [0x00000000133d0000, 0x0000000014380000)

Polling page: 0x00000000026d0000

CodeCache: size=245760Kb used=8780Kb max_used=8789Kb free=236979Kb
 bounds [0x0000000002910000, 0x00000000031b0000, 0x0000000011910000]
 total_blobs=2928 nmethods=2585 adapters=255
 compilation: enabled

Compilation events (10 events):
Event: 8.929 Thread 0x0000000014f7a800 2592   !   3       org.codehaus.plexus.classworlds.realm.ClassRealm::loadClassFromImport (21 bytes)
Event: 8.929 Thread 0x0000000014f7a800 nmethod 2592 0x000000000319e6d0 code [0x000000000319e860, 0x000000000319ebb8]
Event: 8.943 Thread 0x0000000014f7a800 2594       3       java.io.File::getAbsolutePath (8 bytes)
Event: 8.943 Thread 0x0000000014f7a800 nmethod 2594 0x000000000319e310 code [0x000000000319e480, 0x000000000319e628]
Event: 8.963 Thread 0x0000000014f7a800 2596       3       java.lang.ProcessEnvironment$CheckedEntry::getKey (5 bytes)
Event: 8.964 Thread 0x0000000014f7a800 nmethod 2596 0x000000000319dd10 code [0x000000000319de80, 0x000000000319e1e8]
Event: 8.964 Thread 0x0000000014f7a800 2598       3       java.lang.ProcessEnvironment$NameComparator::compare (90 bytes)
Event: 8.965 Thread 0x0000000014f7a800 nmethod 2598 0x000000000319c490 code [0x000000000319c6c0, 0x000000000319d438]
Event: 8.965 Thread 0x0000000014f7a800 2597       3       java.lang.ProcessEnvironment$CheckedEntry::getKey (13 bytes)
Event: 8.965 Thread 0x0000000014f7a800 nmethod 2597 0x000000000319bf50 code [0x000000000319c0c0, 0x000000000319c3c8]

GC Heap History (10 events):
Event: 1.295 GC heap before
{Heap before GC invocations=1 (full 0):
 PSYoungGen      total 18944K, used 16384K [0x00000000eb180000, 0x00000000ec680000, 0x0000000100000000)
  eden space 16384K, 100% used [0x00000000eb180000,0x00000000ec180000,0x00000000ec180000)
  from space 2560K, 0% used [0x00000000ec400000,0x00000000ec400000,0x00000000ec680000)
  to   space 2560K, 0% used [0x00000000ec180000,0x00000000ec180000,0x00000000ec400000)
 ParOldGen       total 44032K, used 0K [0x00000000c1400000, 0x00000000c3f00000, 0x00000000eb180000)
  object space 44032K, 0% used [0x00000000c1400000,0x00000000c1400000,0x00000000c3f00000)
 Metaspace       used 7276K, capacity 7400K, committed 7680K, reserved 1056768K
  class space    used 891K, capacity 956K, committed 1024K, reserved 1048576K
Event: 1.302 GC heap after
Heap after GC invocations=1 (full 0):
 PSYoungGen      total 18944K, used 2556K [0x00000000eb180000, 0x00000000ec680000, 0x0000000100000000)
  eden space 16384K, 0% used [0x00000000eb180000,0x00000000eb180000,0x00000000ec180000)
  from space 2560K, 99% used [0x00000000ec180000,0x00000000ec3ff3f8,0x00000000ec400000)
  to   space 2560K, 0% used [0x00000000ec400000,0x00000000ec400000,0x00000000ec680000)
 ParOldGen       total 44032K, used 1224K [0x00000000c1400000, 0x00000000c3f00000, 0x00000000eb180000)
  object space 44032K, 2% used [0x00000000c1400000,0x00000000c15320c8,0x00000000c3f00000)
 Metaspace       used 7276K, capacity 7400K, committed 7680K, reserved 1056768K
  class space    used 891K, capacity 956K, committed 1024K, reserved 1048576K
}
Event: 1.817 GC heap before
{Heap before GC invocations=2 (full 0):
 PSYoungGen      total 18944K, used 18940K [0x00000000eb180000, 0x00000000ec680000, 0x0000000100000000)
  eden space 16384K, 100% used [0x00000000eb180000,0x00000000ec180000,0x00000000ec180000)
  from space 2560K, 99% used [0x00000000ec180000,0x00000000ec3ff3f8,0x00000000ec400000)
  to   space 2560K, 0% used [0x00000000ec400000,0x00000000ec400000,0x00000000ec680000)
 ParOldGen       total 44032K, used 1224K [0x00000000c1400000, 0x00000000c3f00000, 0x00000000eb180000)
  object space 44032K, 2% used [0x00000000c1400000,0x00000000c15320c8,0x00000000c3f00000)
 Metaspace       used 8058K, capacity 8232K, committed 8320K, reserved 1056768K
  class space    used 1005K, capacity 1084K, committed 1152K, reserved 1048576K
Event: 1.824 GC heap after
Heap after GC invocations=2 (full 0):
 PSYoungGen      total 18944K, used 2544K [0x00000000eb180000, 0x00000000ec680000, 0x0000000100000000)
  eden space 16384K, 0% used [0x00000000eb180000,0x00000000eb180000,0x00000000ec180000)
  from space 2560K, 99% used [0x00000000ec400000,0x00000000ec67c0c8,0x00000000ec680000)
  to   space 2560K, 0% used [0x00000000ec180000,0x00000000ec180000,0x00000000ec400000)
 ParOldGen       total 44032K, used 1405K [0x00000000c1400000, 0x00000000c3f00000, 0x00000000eb180000)
  object space 44032K, 3% used [0x00000000c1400000,0x00000000c155f4e0,0x00000000c3f00000)
 Metaspace       used 8058K, capacity 8232K, committed 8320K, reserved 1056768K
  class space    used 1005K, capacity 1084K, committed 1152K, reserved 1048576K
}
Event: 2.266 GC heap before
{Heap before GC invocations=3 (full 0):
 PSYoungGen      total 18944K, used 18928K [0x00000000eb180000, 0x00000000ec680000, 0x0000000100000000)
  eden space 16384K, 100% used [0x00000000eb180000,0x00000000ec180000,0x00000000ec180000)
  from space 2560K, 99% used [0x00000000ec400000,0x00000000ec67c0c8,0x00000000ec680000)
  to   space 2560K, 0% used [0x00000000ec180000,0x00000000ec180000,0x00000000ec400000)
 ParOldGen       total 44032K, used 1405K [0x00000000c1400000, 0x00000000c3f00000, 0x00000000eb180000)
  object space 44032K, 3% used [0x00000000c1400000,0x00000000c155f4e0,0x00000000c3f00000)
 Metaspace       used 10167K, capacity 10314K, committed 10624K, reserved 1058816K
  class space    used 1274K, capacity 1351K, committed 1408K, reserved 1048576K
Event: 2.274 GC heap after
Heap after GC invocations=3 (full 0):
 PSYoungGen      total 18944K, used 2544K [0x00000000eb180000, 0x00000000ed680000, 0x0000000100000000)
  eden space 16384K, 0% used [0x00000000eb180000,0x00000000eb180000,0x00000000ec180000)
  from space 2560K, 99% used [0x00000000ec180000,0x00000000ec3fc010,0x00000000ec400000)
  to   space 2560K, 0% used [0x00000000ed400000,0x00000000ed400000,0x00000000ed680000)
 ParOldGen       total 44032K, used 3499K [0x00000000c1400000, 0x00000000c3f00000, 0x00000000eb180000)
  object space 44032K, 7% used [0x00000000c1400000,0x00000000c176acc8,0x00000000c3f00000)
 Metaspace       used 10167K, capacity 10314K, committed 10624K, reserved 1058816K
  class space    used 1274K, capacity 1351K, committed 1408K, reserved 1048576K
}
Event: 3.416 GC heap before
{Heap before GC invocations=4 (full 0):
 PSYoungGen      total 18944K, used 18928K [0x00000000eb180000, 0x00000000ed680000, 0x0000000100000000)
  eden space 16384K, 100% used [0x00000000eb180000,0x00000000ec180000,0x00000000ec180000)
  from space 2560K, 99% used [0x00000000ec180000,0x00000000ec3fc010,0x00000000ec400000)
  to   space 2560K, 0% used [0x00000000ed400000,0x00000000ed400000,0x00000000ed680000)
 ParOldGen       total 44032K, used 3499K [0x00000000c1400000, 0x00000000c3f00000, 0x00000000eb180000)
  object space 44032K, 7% used [0x00000000c1400000,0x00000000c176acc8,0x00000000c3f00000)
 Metaspace       used 12293K, capacity 12526K, committed 12800K, reserved 1060864K
  class space    used 1576K, capacity 1676K, committed 1792K, reserved 1048576K
Event: 3.435 GC heap after
Heap after GC invocations=4 (full 0):
 PSYoungGen      total 35328K, used 2544K [0x00000000eb180000, 0x00000000ed680000, 0x0000000100000000)
  eden space 32768K, 0% used [0x00000000eb180000,0x00000000eb180000,0x00000000ed180000)
  from space 2560K, 99% used [0x00000000ed400000,0x00000000ed67c030,0x00000000ed680000)
  to   space 2560K, 0% used [0x00000000ed180000,0x00000000ed180000,0x00000000ed400000)
 ParOldGen       total 44032K, used 6204K [0x00000000c1400000, 0x00000000c3f00000, 0x00000000eb180000)
  object space 44032K, 14% used [0x00000000c1400000,0x00000000c1a0f0a0,0x00000000c3f00000)
 Metaspace       used 12293K, capacity 12526K, committed 12800K, reserved 1060864K
  class space    used 1576K, capacity 1676K, committed 1792K, reserved 1048576K
}
Event: 7.131 GC heap before
{Heap before GC invocations=5 (full 0):
 PSYoungGen      total 35328K, used 35312K [0x00000000eb180000, 0x00000000ed680000, 0x0000000100000000)
  eden space 32768K, 100% used [0x00000000eb180000,0x00000000ed180000,0x00000000ed180000)
  from space 2560K, 99% used [0x00000000ed400000,0x00000000ed67c030,0x00000000ed680000)
  to   space 2560K, 0% used [0x00000000ed180000,0x00000000ed180000,0x00000000ed400000)
 ParOldGen       total 44032K, used 6204K [0x00000000c1400000, 0x00000000c3f00000, 0x00000000eb180000)
  object space 44032K, 14% used [0x00000000c1400000,0x00000000c1a0f0a0,0x00000000c3f00000)
 Metaspace       used 15190K, capacity 15498K, committed 15872K, reserved 1062912K
  class space    used 1857K, capacity 1950K, committed 2048K, reserved 1048576K
Event: 7.149 GC heap after
Heap after GC invocations=5 (full 0):
 PSYoungGen      total 35328K, used 2544K [0x00000000eb180000, 0x00000000eff80000, 0x0000000100000000)
  eden space 32768K, 0% used [0x00000000eb180000,0x00000000eb180000,0x00000000ed180000)
  from space 2560K, 99% used [0x00000000ed180000,0x00000000ed3fc010,0x00000000ed400000)
  to   space 7168K, 0% used [0x00000000ef880000,0x00000000ef880000,0x00000000eff80000)
 ParOldGen       total 44032K, used 9501K [0x00000000c1400000, 0x00000000c3f00000, 0x00000000eb180000)
  object space 44032K, 21% used [0x00000000c1400000,0x00000000c1d47458,0x00000000c3f00000)
 Metaspace       used 15190K, capacity 15498K, committed 15872K, reserved 1062912K
  class space    used 1857K, capacity 1950K, committed 2048K, reserved 1048576K
}

Deoptimization events (10 events):
Event: 7.383 Thread 0x0000000002812800 Uncommon trap: reason=bimorphic action=maybe_recompile pc=0x0000000002e57bc4 method=java.util.concurrent.ConcurrentHashMap.get(Ljava/lang/Object;)Ljava/lang/Object; @ 149
Event: 7.426 Thread 0x0000000002812800 Uncommon trap: reason=bimorphic action=maybe_recompile pc=0x0000000002e57bc4 method=java.util.concurrent.ConcurrentHashMap.get(Ljava/lang/Object;)Ljava/lang/Object; @ 149
Event: 7.609 Thread 0x0000000002812800 Uncommon trap: reason=bimorphic action=maybe_recompile pc=0x0000000003023f34 method=java.util.regex.Pattern$Curly.match0(Ljava/util/regex/Matcher;IILjava/lang/CharSequence;)Z @ 170
Event: 7.660 Thread 0x0000000002812800 Uncommon trap: reason=speculate_class_check action=maybe_recompile pc=0x0000000002fa6dbc method=java.nio.charset.CharsetDecoder.decode(Ljava/nio/ByteBuffer;Ljava/nio/CharBuffer;Z)Ljava/nio/charset/CoderResult; @ 57
Event: 7.661 Thread 0x0000000002812800 Uncommon trap: reason=speculate_class_check action=maybe_recompile pc=0x0000000002fa6dbc method=java.nio.charset.CharsetDecoder.decode(Ljava/nio/ByteBuffer;Ljava/nio/CharBuffer;Z)Ljava/nio/charset/CoderResult; @ 57
Event: 7.821 Thread 0x0000000002812800 Uncommon trap: reason=speculate_class_check action=maybe_recompile pc=0x000000000313a5e0 method=java.nio.charset.CharsetDecoder.decode(Ljava/nio/ByteBuffer;Ljava/nio/CharBuffer;Z)Ljava/nio/charset/CoderResult; @ 57
Event: 7.822 Thread 0x0000000002812800 Uncommon trap: reason=speculate_class_check action=maybe_recompile pc=0x000000000313a5e0 method=java.nio.charset.CharsetDecoder.decode(Ljava/nio/ByteBuffer;Ljava/nio/CharBuffer;Z)Ljava/nio/charset/CoderResult; @ 57
Event: 8.236 Thread 0x0000000002812800 Uncommon trap: reason=unstable_if action=reinterpret pc=0x0000000003051b1c method=java.util.LinkedHashMap.afterNodeInsertion(Z)V @ 18
Event: 8.335 Thread 0x0000000002812800 Uncommon trap: reason=bimorphic action=maybe_recompile pc=0x0000000002f19ce4 method=java.util.regex.Pattern$CharProperty.match(Ljava/util/regex/Matcher;ILjava/lang/CharSequence;)Z @ 37
Event: 8.941 Thread 0x0000000002812800 Uncommon trap: reason=unstable_if action=reinterpret pc=0x0000000003048388 method=java.util.StringTokenizer.scanToken(I)I @ 96

Classes redefined (0 events):
No events

Internal exceptions (10 events):
Event: 3.878 Thread 0x0000000002812800 Exception <a 'java/lang/NullPointerException'> (0x00000000eb935e58) thrown at [C:\ade\jenkins\workspace\8-2-build-windows-amd64-cygwin\jdk8u241\331\hotspot\src\share\vm\interpreter\linkResolver.cpp, line 1185]
Event: 3.878 Thread 0x0000000002812800 Exception <a 'java/lang/NullPointerException'> (0x00000000eb936070) thrown at [C:\ade\jenkins\workspace\8-2-build-windows-amd64-cygwin\jdk8u241\331\hotspot\src\share\vm\interpreter\linkResolver.cpp, line 1185]
Event: 3.878 Thread 0x0000000002812800 Exception <a 'java/lang/NullPointerException'> (0x00000000eb936288) thrown at [C:\ade\jenkins\workspace\8-2-build-windows-amd64-cygwin\jdk8u241\331\hotspot\src\share\vm\interpreter\linkResolver.cpp, line 1185]
Event: 3.881 Thread 0x0000000002812800 Exception <a 'java/lang/NullPointerException'> (0x00000000eb9461b8) thrown at [C:\ade\jenkins\workspace\8-2-build-windows-amd64-cygwin\jdk8u241\331\hotspot\src\share\vm\interpreter\linkResolver.cpp, line 1185]
Event: 3.881 Thread 0x0000000002812800 Exception <a 'java/lang/NullPointerException'> (0x00000000eb9463d0) thrown at [C:\ade\jenkins\workspace\8-2-build-windows-amd64-cygwin\jdk8u241\331\hotspot\src\share\vm\interpreter\linkResolver.cpp, line 1185]
Event: 3.881 Thread 0x0000000002812800 Exception <a 'java/lang/NullPointerException'> (0x00000000eb9465e8) thrown at [C:\ade\jenkins\workspace\8-2-build-windows-amd64-cygwin\jdk8u241\331\hotspot\src\share\vm\interpreter\linkResolver.cpp, line 1185]
Event: 6.112 Thread 0x0000000002812800 Implicit null exception at 0x0000000002cce015 to 0x0000000002cce1ed
Event: 6.112 Thread 0x0000000002812800 Implicit null exception at 0x0000000002c47aef to 0x0000000002c47b59
Event: 6.113 Thread 0x0000000002812800 Implicit null exception at 0x0000000002c638fb to 0x0000000002c63f09
Event: 6.382 Thread 0x0000000002812800 Implicit null exception at 0x0000000002f41bec to 0x0000000002f42c79

Events (10 events):
Event: 8.983 loading class org/apache/commons/exec/InputStreamPumper done
Event: 8.984 loading class java/io/PipedOutputStream
Event: 8.984 loading class java/io/PipedOutputStream done
Event: 8.984 loading class org/apache/commons/exec/StreamPumper
Event: 8.984 loading class org/apache/commons/exec/StreamPumper done
Event: 8.984 loading class org/apache/commons/exec/StreamPumper
Event: 8.984 loading class org/apache/commons/exec/StreamPumper done
Event: 8.987 Thread 0x0000000019586000 Thread added: 0x0000000019586000
Event: 8.987 Thread 0x000000001a17f800 Thread added: 0x000000001a17f800
Event: 8.987 Thread 0x0000000019e68000 Thread added: 0x0000000019e68000


Dynamic libraries:
0x00007ff6c7230000 - 0x00007ff6c7267000 	C:\Program Files\Java\jdk1.8.0_241\bin\java.exe
0x00007ff919d70000 - 0x00007ff919f65000 	C:\WINDOWS\SYSTEM32\ntdll.dll
0x00007ff8e9cc0000 - 0x00007ff8e9cd3000 	C:\Program Files\AVAST Software\Avast\aswhook.dll
0x00007ff918ee0000 - 0x00007ff918f9d000 	C:\WINDOWS\System32\KERNEL32.DLL
0x00007ff917860000 - 0x00007ff917b28000 	C:\WINDOWS\System32\KERNELBASE.dll
0x00007ff917f10000 - 0x00007ff917fbc000 	C:\WINDOWS\System32\ADVAPI32.dll
0x00007ff9196d0000 - 0x00007ff91976e000 	C:\WINDOWS\System32\msvcrt.dll
0x00007ff919600000 - 0x00007ff91969b000 	C:\WINDOWS\System32\sechost.dll
0x00007ff9188b0000 - 0x00007ff9189db000 	C:\WINDOWS\System32\RPCRT4.dll
0x00007ff917fc0000 - 0x00007ff918160000 	C:\WINDOWS\System32\USER32.dll
0x00007ff9175b0000 - 0x00007ff9175d2000 	C:\WINDOWS\System32\win32u.dll
0x00007ff9196a0000 - 0x00007ff9196ca000 	C:\WINDOWS\System32\GDI32.dll
0x00007ff917cc0000 - 0x00007ff917dcb000 	C:\WINDOWS\System32\gdi32full.dll
0x00007ff9177c0000 - 0x00007ff91785d000 	C:\WINDOWS\System32\msvcp_win.dll
0x00007ff9174b0000 - 0x00007ff9175b0000 	C:\WINDOWS\System32\ucrtbase.dll
0x00007ff907670000 - 0x00007ff90790a000 	C:\WINDOWS\WinSxS\amd64_microsoft.windows.common-controls_6595b64144ccf1df_6.0.19041.844_none_ca00b6081b84eb1d\COMCTL32.dll
0x00007ff918fa0000 - 0x00007ff918fd0000 	C:\WINDOWS\System32\IMM32.DLL
0x00000000656b0000 - 0x0000000065782000 	C:\Program Files\Java\jdk1.8.0_241\jre\bin\msvcr100.dll
0x0000000064e00000 - 0x00000000656ac000 	C:\Program Files\Java\jdk1.8.0_241\jre\bin\server\jvm.dll
0x00007ff917f00000 - 0x00007ff917f08000 	C:\WINDOWS\System32\PSAPI.DLL
0x00007ff9096a0000 - 0x00007ff9096c7000 	C:\WINDOWS\SYSTEM32\WINMM.dll
0x00007ff915c70000 - 0x00007ff915c79000 	C:\WINDOWS\SYSTEM32\WSOCK32.dll
0x00007ff918e70000 - 0x00007ff918edb000 	C:\WINDOWS\System32\WS2_32.dll
0x00007ff910910000 - 0x00007ff91091a000 	C:\WINDOWS\SYSTEM32\VERSION.dll
0x00007ff8fd780000 - 0x00007ff8fd78f000 	C:\Program Files\Java\jdk1.8.0_241\jre\bin\verify.dll
0x00007ff8fcdc0000 - 0x00007ff8fcde9000 	C:\Program Files\Java\jdk1.8.0_241\jre\bin\java.dll
0x00007ff8fd470000 - 0x00007ff8fd486000 	C:\Program Files\Java\jdk1.8.0_241\jre\bin\zip.dll
0x00007ff918160000 - 0x00007ff9188a2000 	C:\WINDOWS\System32\SHELL32.dll
0x00007ff915210000 - 0x00007ff9159a0000 	C:\WINDOWS\SYSTEM32\windows.storage.dll
0x00007ff919820000 - 0x00007ff919b75000 	C:\WINDOWS\System32\combase.dll
0x00007ff916e50000 - 0x00007ff916e7c000 	C:\WINDOWS\SYSTEM32\Wldp.dll
0x00007ff9189e0000 - 0x00007ff918a8e000 	C:\WINDOWS\System32\SHCORE.dll
0x00007ff918e10000 - 0x00007ff918e65000 	C:\WINDOWS\System32\shlwapi.dll
0x00007ff9173f0000 - 0x00007ff91740f000 	C:\WINDOWS\SYSTEM32\profapi.dll
0x00007ff8fcda0000 - 0x00007ff8fcdba000 	C:\Program Files\Java\jdk1.8.0_241\jre\bin\net.dll
0x00007ff916bc0000 - 0x00007ff916c2a000 	C:\WINDOWS\system32\mswsock.dll
0x00007ff8fcd80000 - 0x00007ff8fcd92000 	C:\Program Files\Java\jdk1.8.0_241\jre\bin\nio.dll

VM Arguments:
jvm_args: -Dclassworlds.conf=C:\Netbeans\netbeans\java\maven\bin\m2.conf -Dmaven.home=C:\Netbeans\netbeans\java\maven -Dmaven.multiModuleProjectDirectory=C:\Users\ÄÇÌÇÔÑÇÓ\Documents\NetBeansProjects\com.mycompany.LiteratureAnalyticsThesis_LiteratureAnalyticsThesis_jar_1.0-SNAPSHOT 
java_command: org.codehaus.plexus.classworlds.launcher.Launcher -Dexec.args=-classpath %classpath LiteratureAnalytics.ui.LiteratureAnalyticsUI -Dexec.executable=C:\Program Files\Java\jdk1.8.0_241\bin\java.exe -Dexec.classpathScope=runtime -Dmaven.ext.class.path=C:\Netbeans\netbeans\java\maven-nblib\netbeans-eventspy.jar -Dfile.encoding=UTF-8 org.codehaus.mojo:exec-maven-plugin:1.5.0:exec
java_class_path (initial): C:\Netbeans\netbeans\java\maven\boot\plexus-classworlds-2.5.2.jar
Launcher Type: SUN_STANDARD

Environment Variables:
JAVA_HOME=C:\Program Files\Java\jdk1.8.0_241
PATH=C:\Program Files (x86)\Common Files\Oracle\Java\javapath;C:\Program Files (x86)\Intel\iCLS Client\;C:\Program Files\Intel\iCLS Client\;C:\WINDOWS\system32;C:\WINDOWS;C:\WINDOWS\System32\Wbem;C:\WINDOWS\System32\WindowsPowerShell\v1.0\;C:\Program Files (x86)\Intel\Intel(R) Management Engine Components\DAL;C:\Program Files\Intel\Intel(R) Management Engine Components\DAL;C:\Program Files (x86)\Intel\Intel(R) Management Engine Components\IPT;C:\Program Files\Intel\Intel(R) Management Engine Components\IPT;C:\WINDOWS\System32\OpenSSH\;C:\Program Files\MySQL\MySQL Shell 8.0\bin\;C:\Users\ÄÇÌÇÔÑÇÓ\AppData\Local\Microsoft\WindowsApps;
USERNAME=ÄÇÌÇÔÑÇÓ
OS=Windows_NT
PROCESSOR_IDENTIFIER=Intel64 Family 6 Model 61 Stepping 4, GenuineIntel



---------------  S Y S T E M  ---------------

OS: Windows 10.0 , 64 bit Build 19041 (10.0.19041.928)

CPU:total 4 (initial active 4) (2 cores per cpu, 2 threads per core) family 6 model 61 stepping 4, cmov, cx8, fxsr, mmx, sse, sse2, sse3, ssse3, sse4.1, sse4.2, popcnt, avx, avx2, aes, clmul, erms, 3dnowpref, lzcnt, ht, tsc, tscinvbit, bmi1, bmi2, adx

Memory: 4k page, physical 4107660k(378824k free), swap 7269908k(3860k free)

vm_info: Java HotSpot(TM) 64-Bit Server VM (25.241-b07) for windows-amd64 JRE (1.8.0_241-b07), built on Dec 11 2019 10:21:40 by "rejava" with MS VC++ 10.0 (VS2010)

time: Thu Jun 03 16:24:04 2021
timezone: ÈåñéíÞ þñá GTB
elapsed time: 9 seconds (0d 0h 0m 9s)

