#
# There is insufficient memory for the Java Runtime Environment to continue.
# Native memory allocation (malloc) failed to allocate 882576 bytes for Chunk::new
# Possible reasons:
#   The system is out of physical RAM or swap space
#   The process is running with CompressedOops enabled, and the Java Heap may be blocking the growth of the native heap
# Possible solutions:
#   Reduce memory load on the system
#   Increase physical memory or swap space
#   Check if swap backing store is full
#   Decrease Java heap size (-Xmx/-Xms)
#   Decrease number of Java threads
#   Decrease Java thread stack sizes (-Xss)
#   Set larger code cache with -XX:ReservedCodeCacheSize=
#   JVM is running with Unscaled Compressed Oops mode in which the Java heap is
#     placed in the first 4GB address space. The Java Heap base address is the
#     maximum limit for the native heap growth. Please use -XX:HeapBaseMinAddress
#     to set the Java Heap base and to place the Java Heap above 4GB virtual address.
# This output file may be truncated or incomplete.
#
#  Out of Memory Error (allocation.cpp:389), pid=7936, tid=0x0000000000001c10
#
# JRE version: Java(TM) SE Runtime Environment (8.0_241-b07) (build 1.8.0_241-b07)
# Java VM: Java HotSpot(TM) 64-Bit Server VM (25.241-b07 mixed mode windows-amd64 compressed oops)
# Failed to write core dump. Minidumps are not enabled by default on client versions of Windows
#

---------------  T H R E A D  ---------------

Current thread (0x000000001507b800):  JavaThread "C2 CompilerThread0" daemon [_thread_in_native, id=7184, stack(0x0000000016710000,0x0000000016810000)]

Stack: [0x0000000016710000,0x0000000016810000]
[error occurred during error reporting (printing stack bounds), id 0xc0000005]

Native frames: (J=compiled Java code, j=interpreted, Vv=VM code, C=native code)


Current CompileTask:
C2:  43548 4981       4       javax.swing.text.LabelView::setPropertiesFromAttributes (125 bytes)


---------------  P R O C E S S  ---------------

Java Threads: ( => current thread )
  0x0000000016c3e000 JavaThread "Image Fetcher 0" daemon [_thread_blocked, id=8356, stack(0x000000001df40000,0x000000001e040000)]
  0x0000000016c41800 JavaThread "TimerQueue" daemon [_thread_blocked, id=6120, stack(0x000000001ca70000,0x000000001cb70000)]
  0x0000000002963800 JavaThread "DestroyJavaVM" [_thread_blocked, id=4380, stack(0x0000000002860000,0x0000000002960000)]
  0x0000000017681000 JavaThread "AWT-EventQueue-0" [_thread_blocked, id=5404, stack(0x0000000018760000,0x0000000018860000)]
  0x000000001761e000 JavaThread "AWT-Windows" daemon [_thread_in_native, id=9280, stack(0x0000000017c90000,0x0000000017d90000)]
  0x000000001761d800 JavaThread "AWT-Shutdown" [_thread_blocked, id=9220, stack(0x0000000017b90000,0x0000000017c90000)]
  0x000000001761a800 JavaThread "Java2D Disposer" daemon [_thread_blocked, id=10416, stack(0x0000000017a90000,0x0000000017b90000)]
  0x0000000017610000 JavaThread "mysql-cj-abandoned-connection-cleanup" daemon [_thread_blocked, id=7572, stack(0x0000000017990000,0x0000000017a90000)]
  0x000000001691a000 JavaThread "Service Thread" daemon [_thread_blocked, id=1420, stack(0x0000000016e10000,0x0000000016f10000)]
  0x0000000016918800 JavaThread "C1 CompilerThread2" daemon [_thread_blocked, id=1128, stack(0x0000000016d10000,0x0000000016e10000)]
  0x000000001507e000 JavaThread "C2 CompilerThread1" daemon [_thread_in_native, id=10992, stack(0x0000000016810000,0x0000000016910000)]
=>0x000000001507b800 JavaThread "C2 CompilerThread0" daemon [_thread_in_native, id=7184, stack(0x0000000016710000,0x0000000016810000)]
  0x0000000015079000 JavaThread "Attach Listener" daemon [_thread_blocked, id=9892, stack(0x0000000016610000,0x0000000016710000)]
  0x0000000015078000 JavaThread "Signal Dispatcher" daemon [_thread_blocked, id=14036, stack(0x0000000016510000,0x0000000016610000)]
  0x0000000002a56800 JavaThread "Finalizer" daemon [_thread_blocked, id=14808, stack(0x00000000162d0000,0x00000000163d0000)]
  0x0000000002a53000 JavaThread "Reference Handler" daemon [_thread_blocked, id=9912, stack(0x00000000161d0000,0x00000000162d0000)]

Other Threads:
  0x0000000015037800 VMThread [stack: 0x00000000160d0000,0x00000000161d0000] [id=12572]
  0x000000001692c800 WatcherThread [stack: 0x0000000016f10000,0x0000000017010000] [id=6040]

VM state:not at safepoint (normal execution)

VM Mutex/Monitor currently owned by a thread: None

heap address: 0x00000000c1400000, size: 1004 MB, Compressed Oops mode: 32-bit
Narrow klass base: 0x0000000000000000, Narrow klass shift: 3
Compressed class space size: 1073741824 Address: 0x0000000100000000

Heap:
 PSYoungGen      total 148480K, used 31236K [0x00000000eb180000, 0x00000000f9500000, 0x0000000100000000)
  eden space 135168K, 14% used [0x00000000eb180000,0x00000000ec531640,0x00000000f3580000)
  from space 13312K, 83% used [0x00000000f3580000,0x00000000f404fc48,0x00000000f4280000)
  to   space 14848K, 0% used [0x00000000f8680000,0x00000000f8680000,0x00000000f9500000)
 ParOldGen       total 33792K, used 25337K [0x00000000c1400000, 0x00000000c3500000, 0x00000000eb180000)
  object space 33792K, 74% used [0x00000000c1400000,0x00000000c2cbe458,0x00000000c3500000)
 Metaspace       used 27706K, capacity 28056K, committed 28416K, reserved 1075200K
  class space    used 3161K, capacity 3268K, committed 3328K, reserved 1048576K

Card table byte_map: [0x0000000011e20000,0x0000000012020000] byte_map_base: 0x0000000011816000

Marking Bits: (ParMarkBitMap*) 0x000000007570be30
 Begin Bits: [0x0000000012570000, 0x0000000013520000)
 End Bits:   [0x0000000013520000, 0x00000000144d0000)

Polling page: 0x0000000002670000

CodeCache: size=245760Kb used=15321Kb max_used=15425Kb free=230438Kb
 bounds [0x0000000002a60000, 0x0000000003990000, 0x0000000011a60000]
 total_blobs=5036 nmethods=4388 adapters=559
 compilation: enabled

Compilation events (10 events):
Event: 43.435 Thread 0x0000000016918800 5028       2       java.awt.geom.AffineTransform::getScaleX (5 bytes)
Event: 43.435 Thread 0x0000000016918800 nmethod 5028 0x0000000003477dd0 code [0x0000000003477f20, 0x0000000003478070]
Event: 43.435 Thread 0x0000000016918800 5029       2       java.awt.geom.AffineTransform::getScaleY (5 bytes)
Event: 43.435 Thread 0x0000000016918800 nmethod 5029 0x0000000003477ad0 code [0x0000000003477c20, 0x0000000003477d70]
Event: 43.435 Thread 0x0000000016918800 5030       2       sun.java2d.SunGraphics2D::validateBasicStroke (332 bytes)
Event: 43.437 Thread 0x0000000016918800 nmethod 5030 0x0000000003476d50 code [0x0000000003476f80, 0x0000000003477588]
Event: 43.437 Thread 0x0000000016918800 5031       1       javax.swing.plaf.nimbus.AbstractRegionPainter::getExtendedCacheKeys (2 bytes)
Event: 43.438 Thread 0x0000000016918800 nmethod 5031 0x0000000003476a90 code [0x0000000003476be0, 0x0000000003476cf0]
Event: 43.439 Thread 0x0000000016918800 5032       2       javax.swing.SwingUtilities::getUnwrappedParent (22 bytes)
Event: 43.439 Thread 0x0000000016918800 nmethod 5032 0x0000000003476610 code [0x0000000003476780, 0x0000000003476998]

GC Heap History (10 events):
Event: 27.745 GC heap before
{Heap before GC invocations=10 (full 1):
 PSYoungGen      total 68096K, used 67853K [0x00000000eb180000, 0x00000000f0280000, 0x0000000100000000)
  eden space 59392K, 99% used [0x00000000eb180000,0x00000000eeb44f88,0x00000000eeb80000)
  from space 8704K, 99% used [0x00000000efa00000,0x00000000f027e5c0,0x00000000f0280000)
  to   space 11264K, 0% used [0x00000000eec80000,0x00000000eec80000,0x00000000ef780000)
 ParOldGen       total 33792K, used 11783K [0x00000000c1400000, 0x00000000c3500000, 0x00000000eb180000)
  object space 33792K, 34% used [0x00000000c1400000,0x00000000c1f81f38,0x00000000c3500000)
 Metaspace       used 25855K, capacity 26220K, committed 26496K, reserved 1073152K
  class space    used 3012K, capacity 3104K, committed 3200K, reserved 1048576K
Event: 27.771 GC heap after
Heap after GC invocations=10 (full 1):
 PSYoungGen      total 71680K, used 11262K [0x00000000eb180000, 0x00000000f2280000, 0x0000000100000000)
  eden space 60416K, 0% used [0x00000000eb180000,0x00000000eb180000,0x00000000eec80000)
  from space 11264K, 99% used [0x00000000eec80000,0x00000000ef77f938,0x00000000ef780000)
  to   space 13824K, 0% used [0x00000000f1500000,0x00000000f1500000,0x00000000f2280000)
 ParOldGen       total 33792K, used 14130K [0x00000000c1400000, 0x00000000c3500000, 0x00000000eb180000)
  object space 33792K, 41% used [0x00000000c1400000,0x00000000c21cc818,0x00000000c3500000)
 Metaspace       used 25855K, capacity 26220K, committed 26496K, reserved 1073152K
  class space    used 3012K, capacity 3104K, committed 3200K, reserved 1048576K
}
Event: 27.998 GC heap before
{Heap before GC invocations=11 (full 1):
 PSYoungGen      total 71680K, used 71623K [0x00000000eb180000, 0x00000000f2280000, 0x0000000100000000)
  eden space 60416K, 99% used [0x00000000eb180000,0x00000000eec724c8,0x00000000eec80000)
  from space 11264K, 99% used [0x00000000eec80000,0x00000000ef77f938,0x00000000ef780000)
  to   space 13824K, 0% used [0x00000000f1500000,0x00000000f1500000,0x00000000f2280000)
 ParOldGen       total 33792K, used 14130K [0x00000000c1400000, 0x00000000c3500000, 0x00000000eb180000)
  object space 33792K, 41% used [0x00000000c1400000,0x00000000c21cc818,0x00000000c3500000)
 Metaspace       used 25855K, capacity 26220K, committed 26496K, reserved 1073152K
  class space    used 3012K, capacity 3104K, committed 3200K, reserved 1048576K
Event: 28.026 GC heap after
Heap after GC invocations=11 (full 1):
 PSYoungGen      total 102400K, used 4574K [0x00000000eb180000, 0x00000000f2600000, 0x0000000100000000)
  eden space 88576K, 0% used [0x00000000eb180000,0x00000000eb180000,0x00000000f0800000)
  from space 13824K, 33% used [0x00000000f1500000,0x00000000f1977a80,0x00000000f2280000)
  to   space 13312K, 0% used [0x00000000f0800000,0x00000000f0800000,0x00000000f1500000)
 ParOldGen       total 33792K, used 21113K [0x00000000c1400000, 0x00000000c3500000, 0x00000000eb180000)
  object space 33792K, 62% used [0x00000000c1400000,0x00000000c289e5c8,0x00000000c3500000)
 Metaspace       used 25855K, capacity 26220K, committed 26496K, reserved 1073152K
  class space    used 3012K, capacity 3104K, committed 3200K, reserved 1048576K
}
Event: 28.333 GC heap before
{Heap before GC invocations=12 (full 1):
 PSYoungGen      total 102400K, used 93150K [0x00000000eb180000, 0x00000000f2600000, 0x0000000100000000)
  eden space 88576K, 100% used [0x00000000eb180000,0x00000000f0800000,0x00000000f0800000)
  from space 13824K, 33% used [0x00000000f1500000,0x00000000f1977a80,0x00000000f2280000)
  to   space 13312K, 0% used [0x00000000f0800000,0x00000000f0800000,0x00000000f1500000)
 ParOldGen       total 33792K, used 21113K [0x00000000c1400000, 0x00000000c3500000, 0x00000000eb180000)
  object space 33792K, 62% used [0x00000000c1400000,0x00000000c289e5c8,0x00000000c3500000)
 Metaspace       used 25855K, capacity 26220K, committed 26496K, reserved 1073152K
  class space    used 3012K, capacity 3104K, committed 3200K, reserved 1048576K
Event: 28.356 GC heap after
Heap after GC invocations=12 (full 1):
 PSYoungGen      total 101888K, used 96K [0x00000000eb180000, 0x00000000f5080000, 0x0000000100000000)
  eden space 88576K, 0% used [0x00000000eb180000,0x00000000eb180000,0x00000000f0800000)
  from space 13312K, 0% used [0x00000000f0800000,0x00000000f0818000,0x00000000f1500000)
  to   space 13312K, 0% used [0x00000000f4380000,0x00000000f4380000,0x00000000f5080000)
 ParOldGen       total 33792K, used 25057K [0x00000000c1400000, 0x00000000c3500000, 0x00000000eb180000)
  object space 33792K, 74% used [0x00000000c1400000,0x00000000c2c78458,0x00000000c3500000)
 Metaspace       used 25855K, capacity 26220K, committed 26496K, reserved 1073152K
  class space    used 3012K, capacity 3104K, committed 3200K, reserved 1048576K
}
Event: 29.975 GC heap before
{Heap before GC invocations=13 (full 1):
 PSYoungGen      total 101888K, used 88672K [0x00000000eb180000, 0x00000000f5080000, 0x0000000100000000)
  eden space 88576K, 100% used [0x00000000eb180000,0x00000000f0800000,0x00000000f0800000)
  from space 13312K, 0% used [0x00000000f0800000,0x00000000f0818000,0x00000000f1500000)
  to   space 13312K, 0% used [0x00000000f4380000,0x00000000f4380000,0x00000000f5080000)
 ParOldGen       total 33792K, used 25057K [0x00000000c1400000, 0x00000000c3500000, 0x00000000eb180000)
  object space 33792K, 74% used [0x00000000c1400000,0x00000000c2c78458,0x00000000c3500000)
 Metaspace       used 25966K, capacity 26380K, committed 26752K, reserved 1073152K
  class space    used 3015K, capacity 3136K, committed 3200K, reserved 1048576K
Event: 29.993 GC heap after
Heap after GC invocations=13 (full 1):
 PSYoungGen      total 147456K, used 352K [0x00000000eb180000, 0x00000000f4f80000, 0x0000000100000000)
  eden space 135168K, 0% used [0x00000000eb180000,0x00000000eb180000,0x00000000f3580000)
  from space 12288K, 2% used [0x00000000f4380000,0x00000000f43d8000,0x00000000f4f80000)
  to   space 13312K, 0% used [0x00000000f3580000,0x00000000f3580000,0x00000000f4280000)
 ParOldGen       total 33792K, used 25073K [0x00000000c1400000, 0x00000000c3500000, 0x00000000eb180000)
  object space 33792K, 74% used [0x00000000c1400000,0x00000000c2c7c458,0x00000000c3500000)
 Metaspace       used 25966K, capacity 26380K, committed 26752K, reserved 1073152K
  class space    used 3015K, capacity 3136K, committed 3200K, reserved 1048576K
}
Event: 42.043 GC heap before
{Heap before GC invocations=14 (full 1):
 PSYoungGen      total 147456K, used 135520K [0x00000000eb180000, 0x00000000f4f80000, 0x0000000100000000)
  eden space 135168K, 100% used [0x00000000eb180000,0x00000000f3580000,0x00000000f3580000)
  from space 12288K, 2% used [0x00000000f4380000,0x00000000f43d8000,0x00000000f4f80000)
  to   space 13312K, 0% used [0x00000000f3580000,0x00000000f3580000,0x00000000f4280000)
 ParOldGen       total 33792K, used 25073K [0x00000000c1400000, 0x00000000c3500000, 0x00000000eb180000)
  object space 33792K, 74% used [0x00000000c1400000,0x00000000c2c7c458,0x00000000c3500000)
 Metaspace       used 27397K, capacity 27756K, committed 28160K, reserved 1075200K
  class space    used 3135K, capacity 3232K, committed 3328K, reserved 1048576K
Event: 42.081 GC heap after
Heap after GC invocations=14 (full 1):
 PSYoungGen      total 148480K, used 11071K [0x00000000eb180000, 0x00000000f9500000, 0x0000000100000000)
  eden space 135168K, 0% used [0x00000000eb180000,0x00000000eb180000,0x00000000f3580000)
  from space 13312K, 83% used [0x00000000f3580000,0x00000000f404fc48,0x00000000f4280000)
  to   space 14848K, 0% used [0x00000000f8680000,0x00000000f8680000,0x00000000f9500000)
 ParOldGen       total 33792K, used 25337K [0x00000000c1400000, 0x00000000c3500000, 0x00000000eb180000)
  object space 33792K, 74% used [0x00000000c1400000,0x00000000c2cbe458,0x00000000c3500000)
 Metaspace       used 27397K, capacity 27756K, committed 28160K, reserved 1075200K
  class space    used 3135K, capacity 3232K, committed 3328K, reserved 1048576K
}

Deoptimization events (10 events):
Event: 42.907 Thread 0x0000000017681000 Uncommon trap: reason=class_check action=maybe_recompile pc=0x00000000030d5084 method=javax.swing.text.BoxView.checkRequests(I)V @ 58
Event: 42.907 Thread 0x0000000017681000 Uncommon trap: reason=class_check action=maybe_recompile pc=0x0000000003984a58 method=javax.swing.text.BoxView.checkRequests(I)V @ 58
Event: 42.907 Thread 0x0000000017681000 Uncommon trap: reason=unstable_if action=reinterpret pc=0x0000000003866a44 method=javax.swing.text.html.StyleSheet$SmallConversionSet.isDefined(Ljava/lang/Object;)Z @ 4
Event: 43.010 Thread 0x0000000017681000 Uncommon trap: reason=class_check action=maybe_recompile pc=0x00000000038d3118 method=javax.swing.text.GlyphPainter1.sync(Ljavax/swing/text/GlyphView;)V @ 38
Event: 43.010 Thread 0x0000000017681000 Uncommon trap: reason=bimorphic action=maybe_recompile pc=0x000000000391fdac method=javax.swing.text.GlyphView.getText(II)Ljavax/swing/text/Segment; @ 17
Event: 43.010 Thread 0x0000000017681000 Uncommon trap: reason=class_check action=maybe_recompile pc=0x00000000038d3118 method=javax.swing.text.GlyphPainter1.sync(Ljavax/swing/text/GlyphView;)V @ 38
Event: 43.010 Thread 0x0000000017681000 Uncommon trap: reason=bimorphic action=maybe_recompile pc=0x000000000391fdac method=javax.swing.text.GlyphView.getText(II)Ljavax/swing/text/Segment; @ 17
Event: 43.010 Thread 0x0000000017681000 Uncommon trap: reason=bimorphic action=maybe_recompile pc=0x000000000391fdac method=javax.swing.text.GlyphView.getText(II)Ljavax/swing/text/Segment; @ 17
Event: 43.010 Thread 0x0000000017681000 Uncommon trap: reason=bimorphic action=maybe_recompile pc=0x000000000391fdac method=javax.swing.text.GlyphView.getText(II)Ljavax/swing/text/Segment; @ 17
Event: 43.105 Thread 0x0000000017681000 Uncommon trap: reason=class_check action=maybe_recompile pc=0x00000000030d504c method=javax.swing.text.BoxView.checkRequests(I)V @ 86

Classes redefined (0 events):
No events

Internal exceptions (10 events):
Event: 1.549 Thread 0x0000000002963800 Exception <a 'java/lang/ClassNotFoundException': javax/swing/JToolBarSeparator> (0x00000000eb7409b8) thrown at [C:\ade\jenkins\workspace\8-2-build-windows-amd64-cygwin\jdk8u241\331\hotspot\src\share\vm\classfile\systemDictionary.cpp, line 210]
Event: 1.549 Thread 0x0000000002963800 Exception <a 'java/lang/ClassNotFoundException': ToolBarSeparator> (0x00000000eb740e50) thrown at [C:\ade\jenkins\workspace\8-2-build-windows-amd64-cygwin\jdk8u241\331\hotspot\src\share\vm\classfile\systemDictionary.cpp, line 210]
Event: 1.550 Thread 0x0000000002963800 Exception <a 'java/lang/ClassNotFoundException': ToolTip> (0x00000000eb7415b0) thrown at [C:\ade\jenkins\workspace\8-2-build-windows-amd64-cygwin\jdk8u241\331\hotspot\src\share\vm\classfile\systemDictionary.cpp, line 210]
Event: 1.553 Thread 0x0000000002963800 Exception <a 'java/lang/ClassNotFoundException': Tree> (0x00000000eb7421d0) thrown at [C:\ade\jenkins\workspace\8-2-build-windows-amd64-cygwin\jdk8u241\331\hotspot\src\share\vm\classfile\systemDictionary.cpp, line 210]
Event: 1.553 Thread 0x0000000002963800 Exception <a 'java/lang/ClassNotFoundException': Tree> (0x00000000eb742910) thrown at [C:\ade\jenkins\workspace\8-2-build-windows-amd64-cygwin\jdk8u241\331\hotspot\src\share\vm\classfile\systemDictionary.cpp, line 210]
Event: 1.553 Thread 0x0000000002963800 Exception <a 'java/lang/ClassNotFoundException': javax/swing/JTreeCell> (0x00000000eb742c90) thrown at [C:\ade\jenkins\workspace\8-2-build-windows-amd64-cygwin\jdk8u241\331\hotspot\src\share\vm\classfile\systemDictionary.cpp, line 210]
Event: 1.553 Thread 0x0000000002963800 Exception <a 'java/lang/ClassNotFoundException': TreeCell> (0x00000000eb743118) thrown at [C:\ade\jenkins\workspace\8-2-build-windows-amd64-cygwin\jdk8u241\331\hotspot\src\share\vm\classfile\systemDictionary.cpp, line 210]
Event: 1.554 Thread 0x0000000002963800 Exception <a 'java/lang/ClassNotFoundException': RootPane> (0x00000000eb743b78) thrown at [C:\ade\jenkins\workspace\8-2-build-windows-amd64-cygwin\jdk8u241\331\hotspot\src\share\vm\classfile\systemDictionary.cpp, line 210]
Event: 24.935 Thread 0x0000000017681000 Implicit null exception at 0x00000000031516e4 to 0x00000000031518fd
Event: 27.451 Thread 0x0000000017681000 Implicit null exception at 0x000000000311a468 to 0x000000000311b041

Events (10 events):
Event: 43.010 Thread 0x0000000017681000 DEOPT UNPACKING pc=0x0000000002aa583b sp=0x000000001885bab0 mode 2
Event: 43.010 Thread 0x0000000017681000 Uncommon trap: trap_request=0xffffffc6 fr.pc=0x000000000391fdac
Event: 43.010 Thread 0x0000000017681000 DEOPT PACKING pc=0x000000000391fdac sp=0x000000001885bac0
Event: 43.010 Thread 0x0000000017681000 DEOPT UNPACKING pc=0x0000000002aa583b sp=0x000000001885ba78 mode 2
Event: 43.010 Thread 0x0000000017681000 Uncommon trap: trap_request=0xffffffc6 fr.pc=0x000000000391fdac
Event: 43.010 Thread 0x0000000017681000 DEOPT PACKING pc=0x000000000391fdac sp=0x000000001885bae0
Event: 43.010 Thread 0x0000000017681000 DEOPT UNPACKING pc=0x0000000002aa583b sp=0x000000001885bab0 mode 2
Event: 43.105 Thread 0x0000000017681000 Uncommon trap: trap_request=0xffffffde fr.pc=0x00000000030d504c
Event: 43.105 Thread 0x0000000017681000 DEOPT PACKING pc=0x00000000030d504c sp=0x000000001885d090
Event: 43.105 Thread 0x0000000017681000 DEOPT UNPACKING pc=0x0000000002aa583b sp=0x000000001885cf70 mode 2


Dynamic libraries:
0x00007ff624ca0000 - 0x00007ff624cd7000 	C:\Program Files\Java\jdk1.8.0_241\bin\java.exe
0x00007ff9b9cd0000 - 0x00007ff9b9ec5000 	C:\WINDOWS\SYSTEM32\ntdll.dll
0x00007ff9858a0000 - 0x00007ff9858b3000 	C:\Program Files\AVAST Software\Avast\aswhook.dll
0x00007ff9b7e40000 - 0x00007ff9b7efd000 	C:\WINDOWS\System32\KERNEL32.DLL
0x00007ff9b7990000 - 0x00007ff9b7c58000 	C:\WINDOWS\System32\KERNELBASE.dll
0x00007ff9b9ad0000 - 0x00007ff9b9b7c000 	C:\WINDOWS\System32\ADVAPI32.dll
0x00007ff9b7d40000 - 0x00007ff9b7dde000 	C:\WINDOWS\System32\msvcrt.dll
0x00007ff9b86d0000 - 0x00007ff9b876b000 	C:\WINDOWS\System32\sechost.dll
0x00007ff9b8df0000 - 0x00007ff9b8f1b000 	C:\WINDOWS\System32\RPCRT4.dll
0x00007ff9b8c20000 - 0x00007ff9b8dc0000 	C:\WINDOWS\System32\USER32.dll
0x00007ff9b7cc0000 - 0x00007ff9b7ce2000 	C:\WINDOWS\System32\win32u.dll
0x00007ff9b8dc0000 - 0x00007ff9b8dea000 	C:\WINDOWS\System32\GDI32.dll
0x00007ff9b7410000 - 0x00007ff9b751b000 	C:\WINDOWS\System32\gdi32full.dll
0x00007ff9b7760000 - 0x00007ff9b77fd000 	C:\WINDOWS\System32\msvcp_win.dll
0x00007ff9b7890000 - 0x00007ff9b7990000 	C:\WINDOWS\System32\ucrtbase.dll
0x00007ff9a5ab0000 - 0x00007ff9a5d4a000 	C:\WINDOWS\WinSxS\amd64_microsoft.windows.common-controls_6595b64144ccf1df_6.0.19041.1052_none_60b8f8fd71f5e8cb\COMCTL32.dll
0x00007ff9b9aa0000 - 0x00007ff9b9ad0000 	C:\WINDOWS\System32\IMM32.DLL
0x0000000075790000 - 0x0000000075862000 	C:\Program Files\Java\jdk1.8.0_241\jre\bin\msvcr100.dll
0x0000000074ee0000 - 0x000000007578c000 	C:\Program Files\Java\jdk1.8.0_241\jre\bin\server\jvm.dll
0x00007ff9b8f80000 - 0x00007ff9b8f88000 	C:\WINDOWS\System32\PSAPI.DLL
0x00007ff9b5bd0000 - 0x00007ff9b5bd9000 	C:\WINDOWS\SYSTEM32\WSOCK32.dll
0x00007ff9b95c0000 - 0x00007ff9b962b000 	C:\WINDOWS\System32\WS2_32.dll
0x00007ff9a8f80000 - 0x00007ff9a8fa7000 	C:\WINDOWS\SYSTEM32\WINMM.dll
0x00007ff9b0400000 - 0x00007ff9b040a000 	C:\WINDOWS\SYSTEM32\VERSION.dll
0x00007ff98abb0000 - 0x00007ff98abbf000 	C:\Program Files\Java\jdk1.8.0_241\jre\bin\verify.dll
0x00007ff963f20000 - 0x00007ff963f49000 	C:\Program Files\Java\jdk1.8.0_241\jre\bin\java.dll
0x00007ff989540000 - 0x00007ff989556000 	C:\Program Files\Java\jdk1.8.0_241\jre\bin\zip.dll
0x00007ff9b7f00000 - 0x00007ff9b863f000 	C:\WINDOWS\System32\SHELL32.dll
0x00007ff9b5170000 - 0x00007ff9b5900000 	C:\WINDOWS\SYSTEM32\windows.storage.dll
0x00007ff9b90b0000 - 0x00007ff9b9405000 	C:\WINDOWS\System32\combase.dll
0x00007ff9b6db0000 - 0x00007ff9b6ddc000 	C:\WINDOWS\SYSTEM32\Wldp.dll
0x00007ff9b9be0000 - 0x00007ff9b9c8e000 	C:\WINDOWS\System32\SHCORE.dll
0x00007ff9b9b80000 - 0x00007ff9b9bd5000 	C:\WINDOWS\System32\shlwapi.dll
0x00007ff9b7350000 - 0x00007ff9b736f000 	C:\WINDOWS\SYSTEM32\profapi.dll
0x00007ff949b80000 - 0x00007ff949d1a000 	C:\Program Files\Java\jdk1.8.0_241\jre\bin\awt.dll
0x00007ff9b96b0000 - 0x00007ff9b977d000 	C:\WINDOWS\System32\OLEAUT32.dll
0x00007ff9b4990000 - 0x00007ff9b4a20000 	C:\WINDOWS\SYSTEM32\apphelp.dll
0x00007ff9b4ac0000 - 0x00007ff9b4b5e000 	C:\WINDOWS\system32\uxtheme.dll
0x00007ff9b8f90000 - 0x00007ff9b90a5000 	C:\WINDOWS\System32\MSCTF.dll
0x00007ff9b9860000 - 0x00007ff9b998a000 	C:\WINDOWS\System32\ole32.dll
0x00007ff9b5d30000 - 0x00007ff9b5d42000 	C:\WINDOWS\SYSTEM32\kernel.appcore.dll
0x00007ff9b7800000 - 0x00007ff9b7883000 	C:\WINDOWS\System32\bcryptPrimitives.dll
0x00007ff9b4e70000 - 0x00007ff9b4e9f000 	C:\WINDOWS\system32\DWMAPI.DLL
0x00007ff963e90000 - 0x00007ff963ed9000 	C:\Program Files\Java\jdk1.8.0_241\jre\bin\fontmanager.dll
0x00007ff99fbd0000 - 0x00007ff99fcf6000 	C:\WINDOWS\system32\opengl32.dll
0x00007ff99fad0000 - 0x00007ff99fafc000 	C:\WINDOWS\SYSTEM32\GLU32.dll
0x00007ff963f00000 - 0x00007ff963f1a000 	C:\Program Files\Java\jdk1.8.0_241\jre\bin\net.dll
0x00007ff9b6b20000 - 0x00007ff9b6b8a000 	C:\WINDOWS\system32\mswsock.dll
0x00007ff963ee0000 - 0x00007ff963ef2000 	C:\Program Files\Java\jdk1.8.0_241\jre\bin\nio.dll
0x00007ff963e40000 - 0x00007ff963e82000 	C:\Program Files\Java\jdk1.8.0_241\jre\bin\t2k.dll
0x00007ff9b9990000 - 0x00007ff9b9a39000 	C:\WINDOWS\System32\clbcatq.dll
0x00007ff9b0890000 - 0x00007ff9b0a44000 	C:\WINDOWS\SYSTEM32\WindowsCodecs.dll
0x00007ff9b7730000 - 0x00007ff9b7757000 	C:\WINDOWS\System32\bcrypt.dll
0x00007ff98ee80000 - 0x00007ff98eebe000 	C:\WINDOWS\system32\dataexchange.dll
0x00007ff9b2e60000 - 0x00007ff9b30c4000 	C:\WINDOWS\system32\d3d11.dll
0x00007ff9b3df0000 - 0x00007ff9b3fd6000 	C:\WINDOWS\system32\dcomp.dll
0x00007ff9b5d50000 - 0x00007ff9b5e44000 	C:\WINDOWS\system32\dxgi.dll
0x00007ff9b0c10000 - 0x00007ff9b0e11000 	C:\WINDOWS\system32\twinapi.appcore.dll
0x00007ff9a19c0000 - 0x00007ff9a1ab9000 	C:\WINDOWS\SYSTEM32\textinputframework.dll
0x00007ff9b4750000 - 0x00007ff9b4842000 	C:\WINDOWS\System32\CoreMessaging.dll
0x00007ff9b43f0000 - 0x00007ff9b474e000 	C:\WINDOWS\System32\CoreUIComponents.dll
0x00007ff9b6150000 - 0x00007ff9b6183000 	C:\WINDOWS\SYSTEM32\ntmarta.dll
0x00007ff9b3c70000 - 0x00007ff9b3dc4000 	C:\WINDOWS\SYSTEM32\wintypes.dll
0x00007ff9897c0000 - 0x00007ff9897ea000 	C:\Program Files\Java\jdk1.8.0_241\jre\bin\dcpr.dll
0x00007ff9a7850000 - 0x00007ff9a7874000 	C:\Program Files\Java\jdk1.8.0_241\jre\bin\sunec.dll
0x00007ff9b6810000 - 0x00007ff9b684b000 	C:\WINDOWS\SYSTEM32\IPHLPAPI.DLL
0x00007ff9b8770000 - 0x00007ff9b8778000 	C:\WINDOWS\System32\NSI.dll
0x00007ff9ab240000 - 0x00007ff9ab257000 	C:\WINDOWS\SYSTEM32\dhcpcsvc6.DLL
0x00007ff9ab2f0000 - 0x00007ff9ab30d000 	C:\WINDOWS\SYSTEM32\dhcpcsvc.DLL
0x00007ff9b6850000 - 0x00007ff9b691c000 	C:\WINDOWS\SYSTEM32\DNSAPI.dll
0x00007ff9b6d00000 - 0x00007ff9b6d18000 	C:\WINDOWS\SYSTEM32\CRYPTSP.dll
0x00007ff9b64c0000 - 0x00007ff9b64f4000 	C:\WINDOWS\system32\rsaenh.dll
0x00007ff9b7310000 - 0x00007ff9b733e000 	C:\WINDOWS\SYSTEM32\USERENV.dll
0x00007ff9b6cf0000 - 0x00007ff9b6cfc000 	C:\WINDOWS\SYSTEM32\CRYPTBASE.dll
0x00007ff9a6600000 - 0x00007ff9a660b000 	C:\Program Files\Java\jdk1.8.0_241\jre\bin\sunmscapi.dll
0x00007ff9b75d0000 - 0x00007ff9b772f000 	C:\WINDOWS\System32\CRYPT32.dll
0x00007ff9a80b0000 - 0x00007ff9a80ba000 	C:\Windows\System32\rasadhlp.dll
0x00007ff9a7900000 - 0x00007ff9a797f000 	C:\WINDOWS\System32\fwpuclnt.dll

VM Arguments:
java_command: LiteratureAnalytics.ui.LiteratureAnalyticsUI
java_class_path (initial): C:\Users\ÄÇÌÇÔÑÇÓ\Documents\NetBeansProjects\com.mycompany.LiteratureAnalyticsThesis_LiteratureAnalyticsThesis_jar_1.0-SNAPSHOT\target\classes;C:\Users\ÄÇÌÇÔÑÇÓ\.m2\repository\org\jsoup\jsoup\1.11.3\jsoup-1.11.3.jar;C:\Users\ÄÇÌÇÔÑÇÓ\.m2\repository\tech\tablesaw\tablesaw-core\0.38.1\tablesaw-core-0.38.1.jar;C:\Users\ÄÇÌÇÔÑÇÓ\.m2\repository\com\google\guava\guava\28.2-jre\guava-28.2-jre.jar;C:\Users\ÄÇÌÇÔÑÇÓ\.m2\repository\com\google\guava\failureaccess\1.0.1\failureaccess-1.0.1.jar;C:\Users\ÄÇÌÇÔÑÇÓ\.m2\repository\com\google\guava\listenablefuture\9999.0-empty-to-avoid-conflict-with-guava\listenablefuture-9999.0-empty-to-avoid-conflict-with-guava.jar;C:\Users\ÄÇÌÇÔÑÇÓ\.m2\repository\com\google\code\findbugs\jsr305\3.0.2\jsr305-3.0.2.jar;C:\Users\ÄÇÌÇÔÑÇÓ\.m2\repository\org\checkerframework\checker-qual\2.10.0\checker-qual-2.10.0.jar;C:\Users\ÄÇÌÇÔÑÇÓ\.m2\repository\com\google\errorprone\error_prone_annotations\2.3.4\error_prone_annotations-2.3.4.jar;C:\Users\ÄÇÌÇÔÑÇÓ\.m2\repository\com\google\j2objc\j2objc-annotations\1.3\j2objc-annotations-1.3.jar;C:\Users\ÄÇÌÇÔÑÇÓ\.m2\repository\org\apache\commons\commons-math3\3.6.1\commons-math3-3.6.1.jar;C:\Users\ÄÇÌÇÔÑÇÓ\.m2\repository\it\unimi\dsi\fastutil\8.3.0\fastutil-8.3.0.jar;C:\Users\ÄÇÌÇÔÑÇÓ\.m2\repository\org\roaringbitmap\RoaringBitmap\0.8.12\RoaringBitmap-0.8.12.jar;C:\Users\ÄÇÌÇÔÑÇÓ\.m2\repository\org\roaringbitmap\shims\0.8.12\shims-0.8.12.jar;C:\Users\ÄÇÌÇÔÑÇÓ\.m2\repository\com\univocity\univocity-parsers\2.8.4\univocity-parsers-2.8.4.jar;C:\Users\ÄÇÌÇÔÑÇÓ\.m2\repository\com\ibm\icu\icu4j\65.1\icu4j-65.1.jar;C:\Users\ÄÇÌÇÔÑÇÓ\.m2\repository\io\github\classgraph\classgraph\4.8.60\classgraph-4.8.60.jar;C:\Users\ÄÇÌÇÔÑÇÓ\.m2\repository\org\slf4j\slf4j-api\1.7.30\slf4j-api-1.7.30.jar;C:\Users\ÄÇÌÇÔÑÇÓ\.m2\repository\tech\tablesaw\tablesaw-jsplot\0.38.1\tablesaw-jsplot-0.38.1.jar;C:\Users\ÄÇÌÇÔÑÇÓ\.m2\repository\com\fasterxml\jackson\core\jackson-databind\2.10.3\jackson-databind-2.10.3.ja
Launcher Type: SUN_STANDARD

Environment Variables:
JAVA_HOME=C:\Program Files\Java\jdk1.8.0_241
PATH=C:\Program Files (x86)\Common Files\Oracle\Java\javapath;C:\Program Files (x86)\Intel\iCLS Client\;C:\Program Files\Intel\iCLS Client\;C:\WINDOWS\system32;C:\WINDOWS;C:\WINDOWS\System32\Wbem;C:\WINDOWS\System32\WindowsPowerShell\v1.0\;C:\Program Files (x86)\Intel\Intel(R) Management Engine Components\DAL;C:\Program Files\Intel\Intel(R) Management Engine Components\DAL;C:\Program Files (x86)\Intel\Intel(R) Management Engine Components\IPT;C:\Program Files\Intel\Intel(R) Management Engine Components\IPT;C:\WINDOWS\System32\OpenSSH\;C:\Program Files\PuTTY\;C:\Program Files\MySQL\MySQL Shell 8.0\bin\;C:\Users\ÄÇÌÇÔÑÇÓ\AppData\Local\Microsoft\WindowsApps;
USERNAME=ÄÇÌÇÔÑÇÓ
OS=Windows_NT
PROCESSOR_IDENTIFIER=Intel64 Family 6 Model 61 Stepping 4, GenuineIntel



---------------  S Y S T E M  ---------------

OS: Windows 10.0 , 64 bit Build 19041 (10.0.19041.1023)

CPU:total 4 (initial active 4) (2 cores per cpu, 2 threads per core) family 6 model 61 stepping 4, cmov, cx8, fxsr, mmx, sse, sse2, sse3, ssse3, sse4.1, sse4.2, popcnt, avx, avx2, aes, clmul, erms, 3dnowpref, lzcnt, ht, tsc, tscinvbit, bmi1, bmi2, adx

Memory: 4k page, physical 4107660k(639412k free), swap 8244568k(4388k free)

vm_info: Java HotSpot(TM) 64-Bit Server VM (25.241-b07) for windows-amd64 JRE (1.8.0_241-b07), built on Dec 11 2019 10:21:40 by "rejava" with MS VC++ 10.0 (VS2010)

time: Wed Jul 07 11:32:39 2021
timezone: ÈåñéíÞ þñá GTB
elapsed time: 43 seconds (0d 0h 0m 43s)

