#
# There is insufficient memory for the Java Runtime Environment to continue.
# Native memory allocation (malloc) failed to allocate 1054832 bytes for Chunk::new
# Possible reasons:
#   The system is out of physical RAM or swap space
#   The process is running with CompressedOops enabled, and the Java Heap may be blocking the growth of the native heap
# Possible solutions:
#   Reduce memory load on the system
#   Increase physical memory or swap space
#   Check if swap backing store is full
#   Decrease Java heap size (-Xmx/-Xms)
#   Decrease number of Java threads
#   Decrease Java thread stack sizes (-Xss)
#   Set larger code cache with -XX:ReservedCodeCacheSize=
#   JVM is running with Unscaled Compressed Oops mode in which the Java heap is
#     placed in the first 4GB address space. The Java Heap base address is the
#     maximum limit for the native heap growth. Please use -XX:HeapBaseMinAddress
#     to set the Java Heap base and to place the Java Heap above 4GB virtual address.
# This output file may be truncated or incomplete.
#
#  Out of Memory Error (allocation.cpp:389), pid=11068, tid=0x0000000000001b20
#
# JRE version: Java(TM) SE Runtime Environment (8.0_241-b07) (build 1.8.0_241-b07)
# Java VM: Java HotSpot(TM) 64-Bit Server VM (25.241-b07 mixed mode windows-amd64 compressed oops)
# Failed to write core dump. Minidumps are not enabled by default on client versions of Windows
#

---------------  T H R E A D  ---------------

Current thread (0x00000000157fb800):  JavaThread "C2 CompilerThread0" daemon [_thread_in_native, id=6944, stack(0x0000000016e90000,0x0000000016f90000)]

Stack: [0x0000000016e90000,0x0000000016f90000]
[error occurred during error reporting (printing stack bounds), id 0xc0000005]

Native frames: (J=compiled Java code, j=interpreted, Vv=VM code, C=native code)


Current CompileTask:
C2:  17586 3850       4       javax.swing.text.GlyphView::getAlignment (122 bytes)


---------------  P R O C E S S  ---------------

Java Threads: ( => current thread )
  0x00000000173a3800 JavaThread "TimerQueue" daemon [_thread_blocked, id=7744, stack(0x000000001abe0000,0x000000001ace0000)]
  0x0000000017df4800 JavaThread "Swing-Shell" daemon [_thread_blocked, id=14748, stack(0x000000001a740000,0x000000001a840000)]
  0x0000000003013800 JavaThread "DestroyJavaVM" [_thread_blocked, id=5196, stack(0x0000000002e50000,0x0000000002f50000)]
  0x0000000017a5a000 JavaThread "AWT-EventQueue-0" [_thread_blocked, id=3660, stack(0x0000000018ea0000,0x0000000018fa0000)]
  0x00000000179f4000 JavaThread "AWT-Windows" daemon [_thread_in_native, id=6236, stack(0x0000000018410000,0x0000000018510000)]
  0x00000000179f3800 JavaThread "AWT-Shutdown" [_thread_blocked, id=15476, stack(0x0000000018310000,0x0000000018410000)]
  0x00000000179f1000 JavaThread "Java2D Disposer" daemon [_thread_blocked, id=15116, stack(0x0000000018210000,0x0000000018310000)]
  0x00000000179ca000 JavaThread "mysql-cj-abandoned-connection-cleanup" daemon [_thread_blocked, id=2356, stack(0x0000000018110000,0x0000000018210000)]
  0x00000000171c8800 JavaThread "Service Thread" daemon [_thread_blocked, id=2492, stack(0x0000000017590000,0x0000000017690000)]
  0x000000001580a800 JavaThread "C1 CompilerThread2" daemon [_thread_blocked, id=7592, stack(0x0000000017090000,0x0000000017190000)]
  0x00000000157fe000 JavaThread "C2 CompilerThread1" daemon [_thread_in_native, id=13908, stack(0x0000000016f90000,0x0000000017090000)]
=>0x00000000157fb800 JavaThread "C2 CompilerThread0" daemon [_thread_in_native, id=6944, stack(0x0000000016e90000,0x0000000016f90000)]
  0x00000000157f9000 JavaThread "Attach Listener" daemon [_thread_blocked, id=7484, stack(0x0000000016d90000,0x0000000016e90000)]
  0x00000000157f7800 JavaThread "Signal Dispatcher" daemon [_thread_blocked, id=6824, stack(0x0000000016c90000,0x0000000016d90000)]
  0x000000000310c000 JavaThread "Finalizer" daemon [_thread_blocked, id=3748, stack(0x0000000016a50000,0x0000000016b50000)]
  0x0000000003103000 JavaThread "Reference Handler" daemon [_thread_blocked, id=9932, stack(0x0000000016950000,0x0000000016a50000)]

Other Threads:
  0x00000000157b7800 VMThread [stack: 0x0000000016850000,0x0000000016950000] [id=14380]
  0x00000000171f0000 WatcherThread [stack: 0x0000000017690000,0x0000000017790000] [id=15932]

VM state:not at safepoint (normal execution)

VM Mutex/Monitor currently owned by a thread: None

heap address: 0x00000000c1400000, size: 1004 MB, Compressed Oops mode: 32-bit
Narrow klass base: 0x0000000000000000, Narrow klass shift: 3
Compressed class space size: 1073741824 Address: 0x0000000100000000

Heap:
 PSYoungGen      total 78848K, used 19817K [0x00000000eb180000, 0x00000000f4b80000, 0x0000000100000000)
  eden space 65536K, 9% used [0x00000000eb180000,0x00000000eb7df228,0x00000000ef180000)
  from space 13312K, 99% used [0x00000000f3e80000,0x00000000f4b7b598,0x00000000f4b80000)
  to   space 11264K, 0% used [0x00000000ef180000,0x00000000ef180000,0x00000000efc80000)
 ParOldGen       total 44032K, used 20189K [0x00000000c1400000, 0x00000000c3f00000, 0x00000000eb180000)
  object space 44032K, 45% used [0x00000000c1400000,0x00000000c27b7478,0x00000000c3f00000)
 Metaspace       used 20750K, capacity 20918K, committed 21296K, reserved 1069056K
  class space    used 2496K, capacity 2576K, committed 2688K, reserved 1048576K

Card table byte_map: [0x00000000125a0000,0x00000000127a0000] byte_map_base: 0x0000000011f96000

Marking Bits: (ParMarkBitMap*) 0x000000005ce5be30
 Begin Bits: [0x0000000012cf0000, 0x0000000013ca0000)
 End Bits:   [0x0000000013ca0000, 0x0000000014c50000)

Polling page: 0x0000000001660000

CodeCache: size=245760Kb used=13710Kb max_used=13710Kb free=232050Kb
 bounds [0x00000000031e0000, 0x0000000003f50000, 0x00000000121e0000]
 total_blobs=4382 nmethods=3842 adapters=451
 compilation: enabled

Compilation events (10 events):
Event: 17.434 Thread 0x000000001580a800 4028       2       sun.java2d.SunGraphics2D::setClip (14 bytes)
Event: 17.434 Thread 0x000000001580a800 nmethod 4028 0x0000000003f4b510 code [0x0000000003f4b680, 0x0000000003f4b838]
Event: 17.434 Thread 0x000000001580a800 4029       1       java.awt.AWTEvent::isConsumed (5 bytes)
Event: 17.434 Thread 0x000000001580a800 nmethod 4029 0x0000000003f4b8d0 code [0x0000000003f4ba20, 0x0000000003f4bb30]
Event: 17.438 Thread 0x000000001580a800 4030       2       javax.swing.SwingUtilities::getUnwrappedParent (22 bytes)
Event: 17.439 Thread 0x000000001580a800 nmethod 4030 0x0000000003f4bb90 code [0x0000000003f4bd00, 0x0000000003f4bf18]
Event: 17.441 Thread 0x000000001580a800 4031       2       sun.awt.image.SunWritableRaster::stealTrackable (10 bytes)
Event: 17.441 Thread 0x000000001580a800 nmethod 4031 0x0000000003f4c010 code [0x0000000003f4c160, 0x0000000003f4c2d0]
Event: 17.446 Thread 0x000000001580a800 4032       2       java.awt.MultipleGradientPaint::<init> (450 bytes)
Event: 17.451 Thread 0x000000001580a800 nmethod 4032 0x0000000003f4c3d0 code [0x0000000003f4c720, 0x0000000003f4dba8]

GC Heap History (10 events):
Event: 10.053 GC heap before
{Heap before GC invocations=4 (full 0):
 PSYoungGen      total 18944K, used 18548K [0x00000000eb180000, 0x00000000ed680000, 0x0000000100000000)
  eden space 16384K, 99% used [0x00000000eb180000,0x00000000ec159320,0x00000000ec180000)
  from space 2560K, 90% used [0x00000000ec180000,0x00000000ec3c4010,0x00000000ec400000)
  to   space 2560K, 0% used [0x00000000ed400000,0x00000000ed400000,0x00000000ed680000)
 ParOldGen       total 44032K, used 11176K [0x00000000c1400000, 0x00000000c3f00000, 0x00000000eb180000)
  object space 44032K, 25% used [0x00000000c1400000,0x00000000c1eea358,0x00000000c3f00000)
 Metaspace       used 18314K, capacity 18476K, committed 18816K, reserved 1064960K
  class space    used 2316K, capacity 2382K, committed 2432K, reserved 1048576K
Event: 10.079 GC heap after
Heap after GC invocations=4 (full 0):
 PSYoungGen      total 35328K, used 2272K [0x00000000eb180000, 0x00000000ed680000, 0x0000000100000000)
  eden space 32768K, 0% used [0x00000000eb180000,0x00000000eb180000,0x00000000ed180000)
  from space 2560K, 88% used [0x00000000ed400000,0x00000000ed638020,0x00000000ed680000)
  to   space 2560K, 0% used [0x00000000ed180000,0x00000000ed180000,0x00000000ed400000)
 ParOldGen       total 44032K, used 11766K [0x00000000c1400000, 0x00000000c3f00000, 0x00000000eb180000)
  object space 44032K, 26% used [0x00000000c1400000,0x00000000c1f7db68,0x00000000c3f00000)
 Metaspace       used 18314K, capacity 18476K, committed 18816K, reserved 1064960K
  class space    used 2316K, capacity 2382K, committed 2432K, reserved 1048576K
}
Event: 10.197 GC heap before
{Heap before GC invocations=5 (full 0):
 PSYoungGen      total 35328K, used 34689K [0x00000000eb180000, 0x00000000ed680000, 0x0000000100000000)
  eden space 32768K, 98% used [0x00000000eb180000,0x00000000ed128410,0x00000000ed180000)
  from space 2560K, 88% used [0x00000000ed400000,0x00000000ed638020,0x00000000ed680000)
  to   space 2560K, 0% used [0x00000000ed180000,0x00000000ed180000,0x00000000ed400000)
 ParOldGen       total 44032K, used 11766K [0x00000000c1400000, 0x00000000c3f00000, 0x00000000eb180000)
  object space 44032K, 26% used [0x00000000c1400000,0x00000000c1f7db68,0x00000000c3f00000)
 Metaspace       used 18315K, capacity 18476K, committed 18816K, reserved 1064960K
  class space    used 2316K, capacity 2382K, committed 2432K, reserved 1048576K
Event: 10.210 GC heap after
Heap after GC invocations=5 (full 0):
 PSYoungGen      total 35328K, used 2548K [0x00000000eb180000, 0x00000000f0880000, 0x0000000100000000)
  eden space 32768K, 0% used [0x00000000eb180000,0x00000000eb180000,0x00000000ed180000)
  from space 2560K, 99% used [0x00000000ed180000,0x00000000ed3fd298,0x00000000ed400000)
  to   space 11776K, 0% used [0x00000000efd00000,0x00000000efd00000,0x00000000f0880000)
 ParOldGen       total 44032K, used 11894K [0x00000000c1400000, 0x00000000c3f00000, 0x00000000eb180000)
  object space 44032K, 27% used [0x00000000c1400000,0x00000000c1f9db68,0x00000000c3f00000)
 Metaspace       used 18315K, capacity 18476K, committed 18816K, reserved 1064960K
  class space    used 2316K, capacity 2382K, committed 2432K, reserved 1048576K
}
Event: 11.044 GC heap before
{Heap before GC invocations=6 (full 0):
 PSYoungGen      total 35328K, used 35316K [0x00000000eb180000, 0x00000000f0880000, 0x0000000100000000)
  eden space 32768K, 100% used [0x00000000eb180000,0x00000000ed180000,0x00000000ed180000)
  from space 2560K, 99% used [0x00000000ed180000,0x00000000ed3fd298,0x00000000ed400000)
  to   space 11776K, 0% used [0x00000000efd00000,0x00000000efd00000,0x00000000f0880000)
 ParOldGen       total 44032K, used 11894K [0x00000000c1400000, 0x00000000c3f00000, 0x00000000eb180000)
  object space 44032K, 27% used [0x00000000c1400000,0x00000000c1f9db68,0x00000000c3f00000)
 Metaspace       used 18531K, capacity 18732K, committed 19072K, reserved 1067008K
  class space    used 2321K, capacity 2382K, committed 2432K, reserved 1048576K
Event: 11.064 GC heap after
Heap after GC invocations=6 (full 0):
 PSYoungGen      total 76288K, used 2688K [0x00000000eb180000, 0x00000000f0780000, 0x0000000100000000)
  eden space 65536K, 0% used [0x00000000eb180000,0x00000000eb180000,0x00000000ef180000)
  from space 10752K, 25% used [0x00000000efd00000,0x00000000effa0020,0x00000000f0780000)
  to   space 11264K, 0% used [0x00000000ef180000,0x00000000ef180000,0x00000000efc80000)
 ParOldGen       total 44032K, used 11894K [0x00000000c1400000, 0x00000000c3f00000, 0x00000000eb180000)
  object space 44032K, 27% used [0x00000000c1400000,0x00000000c1f9db68,0x00000000c3f00000)
 Metaspace       used 18531K, capacity 18732K, committed 19072K, reserved 1067008K
  class space    used 2321K, capacity 2382K, committed 2432K, reserved 1048576K
}
Event: 14.501 GC heap before
{Heap before GC invocations=7 (full 0):
 PSYoungGen      total 76288K, used 68224K [0x00000000eb180000, 0x00000000f0780000, 0x0000000100000000)
  eden space 65536K, 100% used [0x00000000eb180000,0x00000000ef180000,0x00000000ef180000)
  from space 10752K, 25% used [0x00000000efd00000,0x00000000effa0020,0x00000000f0780000)
  to   space 11264K, 0% used [0x00000000ef180000,0x00000000ef180000,0x00000000efc80000)
 ParOldGen       total 44032K, used 11894K [0x00000000c1400000, 0x00000000c3f00000, 0x00000000eb180000)
  object space 44032K, 27% used [0x00000000c1400000,0x00000000c1f9db68,0x00000000c3f00000)
 Metaspace       used 20082K, capacity 20310K, committed 20480K, reserved 1067008K
  class space    used 2465K, capacity 2544K, committed 2560K, reserved 1048576K
Event: 14.528 GC heap after
Heap after GC invocations=7 (full 0):
 PSYoungGen      total 76800K, used 11074K [0x00000000eb180000, 0x00000000f4b80000, 0x0000000100000000)
  eden space 65536K, 0% used [0x00000000eb180000,0x00000000eb180000,0x00000000ef180000)
  from space 11264K, 98% used [0x00000000ef180000,0x00000000efc50878,0x00000000efc80000)
  to   space 13312K, 0% used [0x00000000f3e80000,0x00000000f3e80000,0x00000000f4b80000)
 ParOldGen       total 44032K, used 14715K [0x00000000c1400000, 0x00000000c3f00000, 0x00000000eb180000)
  object space 44032K, 33% used [0x00000000c1400000,0x00000000c225efc8,0x00000000c3f00000)
 Metaspace       used 20082K, capacity 20310K, committed 20480K, reserved 1067008K
  class space    used 2465K, capacity 2544K, committed 2560K, reserved 1048576K
}
Event: 17.135 GC heap before
{Heap before GC invocations=8 (full 0):
 PSYoungGen      total 76800K, used 76610K [0x00000000eb180000, 0x00000000f4b80000, 0x0000000100000000)
  eden space 65536K, 100% used [0x00000000eb180000,0x00000000ef180000,0x00000000ef180000)
  from space 11264K, 98% used [0x00000000ef180000,0x00000000efc50878,0x00000000efc80000)
  to   space 13312K, 0% used [0x00000000f3e80000,0x00000000f3e80000,0x00000000f4b80000)
 ParOldGen       total 44032K, used 14715K [0x00000000c1400000, 0x00000000c3f00000, 0x00000000eb180000)
  object space 44032K, 33% used [0x00000000c1400000,0x00000000c225efc8,0x00000000c3f00000)
 Metaspace       used 20713K, capacity 20918K, committed 21296K, reserved 1069056K
  class space    used 2496K, capacity 2576K, committed 2688K, reserved 1048576K
Event: 17.165 GC heap after
Heap after GC invocations=8 (full 0):
 PSYoungGen      total 78848K, used 13293K [0x00000000eb180000, 0x00000000f4b80000, 0x0000000100000000)
  eden space 65536K, 0% used [0x00000000eb180000,0x00000000eb180000,0x00000000ef180000)
  from space 13312K, 99% used [0x00000000f3e80000,0x00000000f4b7b598,0x00000000f4b80000)
  to   space 11264K, 0% used [0x00000000ef180000,0x00000000ef180000,0x00000000efc80000)
 ParOldGen       total 44032K, used 20189K [0x00000000c1400000, 0x00000000c3f00000, 0x00000000eb180000)
  object space 44032K, 45% used [0x00000000c1400000,0x00000000c27b7478,0x00000000c3f00000)
 Metaspace       used 20713K, capacity 20918K, committed 21296K, reserved 1069056K
  class space    used 2496K, capacity 2576K, committed 2688K, reserved 1048576K
}

Deoptimization events (10 events):
Event: 16.741 Thread 0x0000000017a5a000 Uncommon trap: reason=class_check action=maybe_recompile pc=0x0000000003eeb8b0 method=javax.swing.text.GlyphView.getPreferredSpan(I)F @ 92
Event: 16.742 Thread 0x0000000017a5a000 Uncommon trap: reason=unstable_if action=reinterpret pc=0x0000000003e10f00 method=javax.swing.text.Utilities.getTabbedTextOffset(Ljavax/swing/text/View;Ljavax/swing/text/Segment;Ljava/awt/FontMetrics;IILjavax/swing/text/TabExpander;IZ[I)I @ 292
Event: 17.029 Thread 0x0000000017a5a000 Uncommon trap: reason=bimorphic action=maybe_recompile pc=0x0000000003f09258 method=javax.swing.text.View.getStartOffset()I @ 4
Event: 17.030 Thread 0x0000000017a5a000 Uncommon trap: reason=bimorphic action=maybe_recompile pc=0x0000000003f09258 method=javax.swing.text.View.getStartOffset()I @ 4
Event: 17.086 Thread 0x0000000017a5a000 Uncommon trap: reason=bimorphic action=maybe_recompile pc=0x0000000003e64c58 method=javax.swing.text.LabelView.sync()V @ 8
Event: 17.086 Thread 0x0000000017a5a000 Uncommon trap: reason=class_check action=maybe_recompile pc=0x0000000003ec8664 method=javax.swing.text.GlyphPainter1.sync(Ljavax/swing/text/GlyphView;)V @ 38
Event: 17.086 Thread 0x0000000017a5a000 Uncommon trap: reason=bimorphic action=maybe_recompile pc=0x0000000003e64c58 method=javax.swing.text.LabelView.sync()V @ 8
Event: 17.086 Thread 0x0000000017a5a000 Uncommon trap: reason=bimorphic action=maybe_recompile pc=0x0000000003e64c58 method=javax.swing.text.LabelView.sync()V @ 8
Event: 17.086 Thread 0x0000000017a5a000 Uncommon trap: reason=bimorphic action=maybe_recompile pc=0x0000000003e64c58 method=javax.swing.text.LabelView.sync()V @ 8
Event: 17.414 Thread 0x0000000017a5a000 Uncommon trap: reason=predicate action=maybe_recompile pc=0x0000000003e4fb48 method=javax.swing.SwingUtilities.getValidateRoot(Ljava/awt/Container;Z)Ljava/awt/Container; @ 52

Classes redefined (0 events):
No events

Internal exceptions (10 events):
Event: 0.813 Thread 0x0000000003013800 Exception <a 'java/lang/ClassNotFoundException': javax/swing/JTreeCell> (0x00000000eb6e3940) thrown at [C:\ade\jenkins\workspace\8-2-build-windows-amd64-cygwin\jdk8u241\331\hotspot\src\share\vm\classfile\systemDictionary.cpp, line 210]
Event: 0.813 Thread 0x0000000003013800 Exception <a 'java/lang/ClassNotFoundException': TreeCell> (0x00000000eb6e3dc8) thrown at [C:\ade\jenkins\workspace\8-2-build-windows-amd64-cygwin\jdk8u241\331\hotspot\src\share\vm\classfile\systemDictionary.cpp, line 210]
Event: 0.815 Thread 0x0000000003013800 Exception <a 'java/lang/ClassNotFoundException': RootPane> (0x00000000eb6e4828) thrown at [C:\ade\jenkins\workspace\8-2-build-windows-amd64-cygwin\jdk8u241\331\hotspot\src\share\vm\classfile\systemDictionary.cpp, line 210]
Event: 12.388 Thread 0x0000000017a5a000 Implicit null exception at 0x0000000003b62f4c to 0x0000000003b62fe5
Event: 14.717 Thread 0x0000000017a5a000 Implicit null exception at 0x000000000398a68a to 0x000000000398a9c9
Event: 14.852 Thread 0x0000000017a5a000 Implicit null exception at 0x00000000037114d1 to 0x0000000003711a61
Event: 15.674 Thread 0x0000000017a5a000 Implicit null exception at 0x000000000368f6a5 to 0x0000000003690621
Event: 15.702 Thread 0x0000000017a5a000 Implicit null exception at 0x0000000003c22f58 to 0x0000000003c2323d
Event: 15.713 Thread 0x0000000017a5a000 Implicit null exception at 0x0000000003e5c8f3 to 0x0000000003e5c959
Event: 15.714 Thread 0x0000000017a5a000 Implicit null exception at 0x0000000003b019e5 to 0x0000000003b01c7a

Events (10 events):
Event: 17.166 Executing VM operation: RevokeBias done
Event: 17.167 Executing VM operation: RevokeBias
Event: 17.167 Executing VM operation: RevokeBias done
Event: 17.167 Executing VM operation: RevokeBias
Event: 17.167 Executing VM operation: RevokeBias done
Event: 17.168 Executing VM operation: RevokeBias
Event: 17.169 Executing VM operation: RevokeBias done
Event: 17.414 Thread 0x0000000017a5a000 Uncommon trap: trap_request=0xffffff86 fr.pc=0x0000000003e4fb48
Event: 17.414 Thread 0x0000000017a5a000 DEOPT PACKING pc=0x0000000003e4fb48 sp=0x0000000018f9d9b0
Event: 17.414 Thread 0x0000000017a5a000 DEOPT UNPACKING pc=0x000000000322583b sp=0x0000000018f9d958 mode 2


Dynamic libraries:
0x00007ff765f40000 - 0x00007ff765f77000 	C:\Program Files\Java\jdk1.8.0_241\bin\java.exe
0x00007ffc6fb50000 - 0x00007ffc6fd45000 	C:\WINDOWS\SYSTEM32\ntdll.dll
0x00007ffc422a0000 - 0x00007ffc422b3000 	C:\Program Files\AVAST Software\Avast\aswhook.dll
0x00007ffc6fa40000 - 0x00007ffc6fafd000 	C:\WINDOWS\System32\KERNEL32.DLL
0x00007ffc6d730000 - 0x00007ffc6d9f8000 	C:\WINDOWS\System32\KERNELBASE.dll
0x00007ffc6f990000 - 0x00007ffc6fa3c000 	C:\WINDOWS\System32\ADVAPI32.dll
0x00007ffc6f620000 - 0x00007ffc6f6be000 	C:\WINDOWS\System32\msvcrt.dll
0x00007ffc6f8f0000 - 0x00007ffc6f98b000 	C:\WINDOWS\System32\sechost.dll
0x00007ffc6df70000 - 0x00007ffc6e09b000 	C:\WINDOWS\System32\RPCRT4.dll
0x00007ffc6eac0000 - 0x00007ffc6ec60000 	C:\WINDOWS\System32\USER32.dll
0x00007ffc6db80000 - 0x00007ffc6dba2000 	C:\WINDOWS\System32\win32u.dll
0x00007ffc6f890000 - 0x00007ffc6f8ba000 	C:\WINDOWS\System32\GDI32.dll
0x00007ffc6d390000 - 0x00007ffc6d49b000 	C:\WINDOWS\System32\gdi32full.dll
0x00007ffc6da30000 - 0x00007ffc6dacd000 	C:\WINDOWS\System32\msvcp_win.dll
0x00007ffc6d290000 - 0x00007ffc6d390000 	C:\WINDOWS\System32\ucrtbase.dll
0x00007ffc5cbc0000 - 0x00007ffc5ce5a000 	C:\WINDOWS\WinSxS\amd64_microsoft.windows.common-controls_6595b64144ccf1df_6.0.19041.844_none_ca00b6081b84eb1d\COMCTL32.dll
0x00007ffc6f8c0000 - 0x00007ffc6f8f0000 	C:\WINDOWS\System32\IMM32.DLL
0x000000005cee0000 - 0x000000005cfb2000 	C:\Program Files\Java\jdk1.8.0_241\jre\bin\msvcr100.dll
0x000000005c630000 - 0x000000005cedc000 	C:\Program Files\Java\jdk1.8.0_241\jre\bin\server\jvm.dll
0x00007ffc6ea50000 - 0x00007ffc6ea58000 	C:\WINDOWS\System32\PSAPI.DLL
0x00007ffc5f5a0000 - 0x00007ffc5f5c7000 	C:\WINDOWS\SYSTEM32\WINMM.dll
0x00007ffc66410000 - 0x00007ffc6641a000 	C:\WINDOWS\SYSTEM32\VERSION.dll
0x00007ffc6ba50000 - 0x00007ffc6ba59000 	C:\WINDOWS\SYSTEM32\WSOCK32.dll
0x00007ffc6f4e0000 - 0x00007ffc6f54b000 	C:\WINDOWS\System32\WS2_32.dll
0x00007ffc5e180000 - 0x00007ffc5e18f000 	C:\Program Files\Java\jdk1.8.0_241\jre\bin\verify.dll
0x00007ffc50ac0000 - 0x00007ffc50ae9000 	C:\Program Files\Java\jdk1.8.0_241\jre\bin\java.dll
0x00007ffc5e160000 - 0x00007ffc5e176000 	C:\Program Files\Java\jdk1.8.0_241\jre\bin\zip.dll
0x00007ffc6e150000 - 0x00007ffc6e892000 	C:\WINDOWS\System32\SHELL32.dll
0x00007ffc6aff0000 - 0x00007ffc6b780000 	C:\WINDOWS\SYSTEM32\windows.storage.dll
0x00007ffc6dbb0000 - 0x00007ffc6df05000 	C:\WINDOWS\System32\combase.dll
0x00007ffc6cc30000 - 0x00007ffc6cc5c000 	C:\WINDOWS\SYSTEM32\Wldp.dll
0x00007ffc6e0a0000 - 0x00007ffc6e14e000 	C:\WINDOWS\System32\SHCORE.dll
0x00007ffc6ea60000 - 0x00007ffc6eab5000 	C:\WINDOWS\System32\shlwapi.dll
0x00007ffc6d1d0000 - 0x00007ffc6d1ef000 	C:\WINDOWS\SYSTEM32\profapi.dll
0x00007ffc0c990000 - 0x00007ffc0cb2a000 	C:\Program Files\Java\jdk1.8.0_241\jre\bin\awt.dll
0x00007ffc6f550000 - 0x00007ffc6f61d000 	C:\WINDOWS\System32\OLEAUT32.dll
0x00007ffc6a820000 - 0x00007ffc6a8b0000 	C:\WINDOWS\SYSTEM32\apphelp.dll
0x00007ffc6a940000 - 0x00007ffc6a9de000 	C:\WINDOWS\system32\uxtheme.dll
0x00007ffc6f3c0000 - 0x00007ffc6f4d5000 	C:\WINDOWS\System32\MSCTF.dll
0x00007ffc6ee20000 - 0x00007ffc6ef4a000 	C:\WINDOWS\System32\ole32.dll
0x00007ffc6bbb0000 - 0x00007ffc6bbc2000 	C:\WINDOWS\SYSTEM32\kernel.appcore.dll
0x00007ffc6d4a0000 - 0x00007ffc6d520000 	C:\WINDOWS\System32\bcryptPrimitives.dll
0x00007ffc6ab10000 - 0x00007ffc6ab3f000 	C:\WINDOWS\system32\DWMAPI.DLL
0x00007ffc4d450000 - 0x00007ffc4d499000 	C:\Program Files\Java\jdk1.8.0_241\jre\bin\fontmanager.dll
0x00007ffc56770000 - 0x00007ffc56896000 	C:\WINDOWS\system32\opengl32.dll
0x00007ffc56a10000 - 0x00007ffc56a3c000 	C:\WINDOWS\SYSTEM32\GLU32.dll
0x00007ffc50aa0000 - 0x00007ffc50aba000 	C:\Program Files\Java\jdk1.8.0_241\jre\bin\net.dll
0x00007ffc6c9a0000 - 0x00007ffc6ca0a000 	C:\WINDOWS\system32\mswsock.dll
0x00007ffc50a80000 - 0x00007ffc50a92000 	C:\Program Files\Java\jdk1.8.0_241\jre\bin\nio.dll
0x00007ffc4a8f0000 - 0x00007ffc4a932000 	C:\Program Files\Java\jdk1.8.0_241\jre\bin\t2k.dll
0x00007ffc6f7e0000 - 0x00007ffc6f889000 	C:\WINDOWS\System32\clbcatq.dll
0x00007ffc661c0000 - 0x00007ffc66374000 	C:\WINDOWS\SYSTEM32\WindowsCodecs.dll
0x00007ffc6da00000 - 0x00007ffc6da27000 	C:\WINDOWS\System32\bcrypt.dll
0x00007ffc4da20000 - 0x00007ffc4da5e000 	C:\WINDOWS\system32\dataexchange.dll
0x00007ffc69bc0000 - 0x00007ffc69da5000 	C:\WINDOWS\system32\dcomp.dll
0x00007ffc697c0000 - 0x00007ffc69a24000 	C:\WINDOWS\system32\d3d11.dll
0x00007ffc6bbd0000 - 0x00007ffc6bcc4000 	C:\WINDOWS\system32\dxgi.dll
0x00007ffc66990000 - 0x00007ffc66b91000 	C:\WINDOWS\system32\twinapi.appcore.dll
0x00007ffc58350000 - 0x00007ffc58449000 	C:\WINDOWS\SYSTEM32\textinputframework.dll
0x00007ffc6a200000 - 0x00007ffc6a55e000 	C:\WINDOWS\System32\CoreUIComponents.dll
0x00007ffc6a560000 - 0x00007ffc6a652000 	C:\WINDOWS\System32\CoreMessaging.dll
0x00007ffc69a60000 - 0x00007ffc69bb4000 	C:\WINDOWS\SYSTEM32\wintypes.dll
0x00007ffc6bfd0000 - 0x00007ffc6c003000 	C:\WINDOWS\SYSTEM32\ntmarta.dll
0x00007ffc50a50000 - 0x00007ffc50a7a000 	C:\Program Files\Java\jdk1.8.0_241\jre\bin\dcpr.dll
0x00007ffc679c0000 - 0x00007ffc67a70000 	C:\WINDOWS\WinSxS\amd64_microsoft.windows.common-controls_6595b64144ccf1df_5.82.19041.844_none_423537bff6b9828c\comctl32.dll
0x00007ffc68810000 - 0x00007ffc68907000 	C:\WINDOWS\SYSTEM32\PROPSYS.dll
0x00007ffc33360000 - 0x00007ffc33377000 	C:\WINDOWS\system32\NetworkExplorer.dll
0x00007ffc6d520000 - 0x00007ffc6d56e000 	C:\WINDOWS\System32\CFGMGR32.dll
0x00007ffc5f610000 - 0x00007ffc5f62d000 	C:\WINDOWS\SYSTEM32\MPR.dll
0x00007ffc67b60000 - 0x00007ffc67b6b000 	C:\WINDOWS\System32\drprov.dll
0x00007ffc6d080000 - 0x00007ffc6d0da000 	C:\WINDOWS\System32\WINSTA.dll
0x00007ffc67610000 - 0x00007ffc67628000 	C:\WINDOWS\System32\ntlanman.dll
0x00007ffc675f0000 - 0x00007ffc6760e000 	C:\WINDOWS\System32\davclnt.dll
0x00007ffc67b50000 - 0x00007ffc67b5d000 	C:\WINDOWS\System32\DAVHLPR.dll
0x00007ffc6c460000 - 0x00007ffc6c477000 	C:\WINDOWS\System32\wkscli.dll
0x00007ffc48bc0000 - 0x00007ffc48bd2000 	C:\WINDOWS\SYSTEM32\cscapi.dll
0x00007ffc6c7a0000 - 0x00007ffc6c7ac000 	C:\WINDOWS\System32\netutils.dll
0x00007ffc173f0000 - 0x00007ffc17448000 	C:\Windows\System32\dlnashext.dll
0x00007ffc462c0000 - 0x00007ffc46324000 	C:\Windows\System32\PlayToDevice.dll
0x00007ffc4cfc0000 - 0x00007ffc4cfe0000 	C:\Windows\System32\DevDispItemProvider.dll
0x00007ffc64590000 - 0x00007ffc64615000 	C:\WINDOWS\System32\MMDevApi.dll
0x00007ffc6cf70000 - 0x00007ffc6cf9c000 	C:\WINDOWS\System32\DEVOBJ.dll
0x00007ffc44470000 - 0x00007ffc44513000 	C:\WINDOWS\system32\wpdshext.dll
0x00007ffc5c940000 - 0x00007ffc5caeb000 	C:\WINDOWS\WinSxS\amd64_microsoft.windows.gdiplus_6595b64144ccf1df_1.1.19041.928_none_faefac437613c6cc\gdiplus.dll
0x00007ffc67100000 - 0x00007ffc671a3000 	C:\Windows\System32\PortableDeviceApi.dll
0x00007ffc6ef50000 - 0x00007ffc6f3b9000 	C:\WINDOWS\System32\SETUPAPI.dll
0x00007ffc6d570000 - 0x00007ffc6d5d0000 	C:\WINDOWS\System32\WINTRUST.dll
0x00007ffc6d5d0000 - 0x00007ffc6d72f000 	C:\WINDOWS\System32\CRYPT32.dll
0x00007ffc6cdb0000 - 0x00007ffc6cdc2000 	C:\WINDOWS\System32\MSASN1.dll
0x00007ffc68770000 - 0x00007ffc687a2000 	C:\Windows\System32\PortableDeviceTypes.dll
0x00007ffc46220000 - 0x00007ffc46257000 	C:\Windows\System32\EhStorShell.dll
0x00007ffc44440000 - 0x00007ffc44466000 	C:\Windows\System32\EhStorAPI.dll
0x00007ffc6ba30000 - 0x00007ffc6ba44000 	C:\Windows\System32\WTSAPI32.dll
0x00007ffc47ef0000 - 0x00007ffc47efd000 	C:\WINDOWS\SYSTEM32\LINKINFO.dll

VM Arguments:
java_command: LiteratureAnalytics.ui.LiteratureAnalyticsUI
java_class_path (initial): C:\Users\ÄÇÌÇÔÑÇÓ\Documents\NetBeansProjects\com.mycompany.LiteratureAnalyticsThesis_LiteratureAnalyticsThesis_jar_1.0-SNAPSHOT\target\classes;C:\Users\ÄÇÌÇÔÑÇÓ\.m2\repository\org\jsoup\jsoup\1.11.3\jsoup-1.11.3.jar;C:\Users\ÄÇÌÇÔÑÇÓ\.m2\repository\tech\tablesaw\tablesaw-core\0.38.1\tablesaw-core-0.38.1.jar;C:\Users\ÄÇÌÇÔÑÇÓ\.m2\repository\com\google\guava\guava\28.2-jre\guava-28.2-jre.jar;C:\Users\ÄÇÌÇÔÑÇÓ\.m2\repository\com\google\guava\failureaccess\1.0.1\failureaccess-1.0.1.jar;C:\Users\ÄÇÌÇÔÑÇÓ\.m2\repository\com\google\guava\listenablefuture\9999.0-empty-to-avoid-conflict-with-guava\listenablefuture-9999.0-empty-to-avoid-conflict-with-guava.jar;C:\Users\ÄÇÌÇÔÑÇÓ\.m2\repository\com\google\code\findbugs\jsr305\3.0.2\jsr305-3.0.2.jar;C:\Users\ÄÇÌÇÔÑÇÓ\.m2\repository\org\checkerframework\checker-qual\2.10.0\checker-qual-2.10.0.jar;C:\Users\ÄÇÌÇÔÑÇÓ\.m2\repository\com\google\errorprone\error_prone_annotations\2.3.4\error_prone_annotations-2.3.4.jar;C:\Users\ÄÇÌÇÔÑÇÓ\.m2\repository\com\google\j2objc\j2objc-annotations\1.3\j2objc-annotations-1.3.jar;C:\Users\ÄÇÌÇÔÑÇÓ\.m2\repository\org\apache\commons\commons-math3\3.6.1\commons-math3-3.6.1.jar;C:\Users\ÄÇÌÇÔÑÇÓ\.m2\repository\it\unimi\dsi\fastutil\8.3.0\fastutil-8.3.0.jar;C:\Users\ÄÇÌÇÔÑÇÓ\.m2\repository\org\roaringbitmap\RoaringBitmap\0.8.12\RoaringBitmap-0.8.12.jar;C:\Users\ÄÇÌÇÔÑÇÓ\.m2\repository\org\roaringbitmap\shims\0.8.12\shims-0.8.12.jar;C:\Users\ÄÇÌÇÔÑÇÓ\.m2\repository\com\univocity\univocity-parsers\2.8.4\univocity-parsers-2.8.4.jar;C:\Users\ÄÇÌÇÔÑÇÓ\.m2\repository\com\ibm\icu\icu4j\65.1\icu4j-65.1.jar;C:\Users\ÄÇÌÇÔÑÇÓ\.m2\repository\io\github\classgraph\classgraph\4.8.60\classgraph-4.8.60.jar;C:\Users\ÄÇÌÇÔÑÇÓ\.m2\repository\org\slf4j\slf4j-api\1.7.30\slf4j-api-1.7.30.jar;C:\Users\ÄÇÌÇÔÑÇÓ\.m2\repository\tech\tablesaw\tablesaw-jsplot\0.38.1\tablesaw-jsplot-0.38.1.jar;C:\Users\ÄÇÌÇÔÑÇÓ\.m2\repository\com\fasterxml\jackson\core\jackson-databind\2.10.3\jackson-databind-2.10.3.ja
Launcher Type: SUN_STANDARD

Environment Variables:
JAVA_HOME=C:\Program Files\Java\jdk1.8.0_241
PATH=C:\Program Files (x86)\Common Files\Oracle\Java\javapath;C:\Program Files (x86)\Intel\iCLS Client\;C:\Program Files\Intel\iCLS Client\;C:\WINDOWS\system32;C:\WINDOWS;C:\WINDOWS\System32\Wbem;C:\WINDOWS\System32\WindowsPowerShell\v1.0\;C:\Program Files (x86)\Intel\Intel(R) Management Engine Components\DAL;C:\Program Files\Intel\Intel(R) Management Engine Components\DAL;C:\Program Files (x86)\Intel\Intel(R) Management Engine Components\IPT;C:\Program Files\Intel\Intel(R) Management Engine Components\IPT;C:\WINDOWS\System32\OpenSSH\;C:\Program Files\MySQL\MySQL Shell 8.0\bin\;C:\Users\ÄÇÌÇÔÑÇÓ\AppData\Local\Microsoft\WindowsApps;
USERNAME=ÄÇÌÇÔÑÇÓ
OS=Windows_NT
PROCESSOR_IDENTIFIER=Intel64 Family 6 Model 61 Stepping 4, GenuineIntel



---------------  S Y S T E M  ---------------

OS: Windows 10.0 , 64 bit Build 19041 (10.0.19041.928)

CPU:total 4 (initial active 4) (2 cores per cpu, 2 threads per core) family 6 model 61 stepping 4, cmov, cx8, fxsr, mmx, sse, sse2, sse3, ssse3, sse4.1, sse4.2, popcnt, avx, avx2, aes, clmul, erms, 3dnowpref, lzcnt, ht, tsc, tscinvbit, bmi1, bmi2, adx

Memory: 4k page, physical 4107660k(280172k free), swap 6022452k(5876k free)

vm_info: Java HotSpot(TM) 64-Bit Server VM (25.241-b07) for windows-amd64 JRE (1.8.0_241-b07), built on Dec 11 2019 10:21:40 by "rejava" with MS VC++ 10.0 (VS2010)

time: Fri Jun 04 15:32:30 2021
timezone: ÈåñéíÞ þñá GTB
elapsed time: 17 seconds (0d 0h 0m 17s)

